{"/home/travis/build/npmtest/node-npmtest-pdfkit/test.js":{"path":"/home/travis/build/npmtest/node-npmtest-pdfkit/test.js","s":{"1":2,"2":2,"3":2,"4":2,"5":2,"6":2,"7":2,"8":1,"9":2,"10":2,"11":1,"12":1,"13":1,"14":1,"15":2,"16":2,"17":2,"18":2,"19":1,"20":1,"21":2,"22":2,"23":2,"24":1,"25":1,"26":1,"27":1,"28":1,"29":1,"30":1,"31":1,"32":1,"33":1,"34":1,"35":1,"36":1,"37":1,"38":1,"39":2,"40":2,"41":1,"42":2,"43":2,"44":1,"45":2,"46":2,"47":1,"48":2,"49":2,"50":1,"51":1,"52":1,"53":1,"54":1},"b":{"1":[2,1,1,1],"2":[1,1,1,1],"3":[1,1],"4":[1,1],"5":[1,1],"6":[1,1],"7":[1,1],"8":[1,1],"9":[1,1],"10":[1,1,1],"11":[1,1],"12":[1,1],"13":[1,1],"14":[1,1],"15":[1,1],"16":[1,1],"17":[1,1]},"f":{"1":2,"2":2,"3":2,"4":2,"5":2,"6":1,"7":1,"8":1,"9":2,"10":2,"11":2,"12":2,"13":1},"fnMap":{"1":{"name":"(anonymous_1)","line":12,"loc":{"start":{"line":12,"column":1},"end":{"line":12,"column":13}}},"2":{"name":"(anonymous_2)","line":19,"loc":{"start":{"line":19,"column":5},"end":{"line":19,"column":17}}},"3":{"name":"(anonymous_3)","line":23,"loc":{"start":{"line":23,"column":24},"end":{"line":23,"column":36}}},"4":{"name":"(anonymous_4)","line":61,"loc":{"start":{"line":61,"column":5},"end":{"line":61,"column":17}}},"5":{"name":"(anonymous_5)","line":82,"loc":{"start":{"line":82,"column":5},"end":{"line":82,"column":17}}},"6":{"name":"(anonymous_6)","line":91,"loc":{"start":{"line":91,"column":77},"end":{"line":94,"column":10}}},"7":{"name":"(anonymous_7)","line":112,"loc":{"start":{"line":112,"column":83},"end":{"line":115,"column":10}},"skip":true},"8":{"name":"(anonymous_8)","line":123,"loc":{"start":{"line":123,"column":77},"end":{"line":126,"column":10}},"skip":true},"9":{"name":"(anonymous_9)","line":139,"loc":{"start":{"line":139,"column":12},"end":{"line":139,"column":40}},"skip":true},"10":{"name":"(anonymous_10)","line":147,"loc":{"start":{"line":147,"column":77},"end":{"line":150,"column":10}},"skip":true},"11":{"name":"(anonymous_11)","line":158,"loc":{"start":{"line":158,"column":83},"end":{"line":161,"column":10}},"skip":true},"12":{"name":"(anonymous_12)","line":169,"loc":{"start":{"line":169,"column":79},"end":{"line":172,"column":10}},"skip":true},"13":{"name":"(anonymous_13)","line":180,"loc":{"start":{"line":180,"column":75},"end":{"line":183,"column":10}},"skip":true}},"statementMap":{"1":{"start":{"line":12,"column":0},"end":{"line":195,"column":5}},"2":{"start":{"line":14,"column":4},"end":{"line":14,"column":14}},"3":{"start":{"line":19,"column":4},"end":{"line":56,"column":9}},"4":{"start":{"line":21,"column":8},"end":{"line":21,"column":19}},"5":{"start":{"line":23,"column":8},"end":{"line":35,"column":13}},"6":{"start":{"line":24,"column":12},"end":{"line":34,"column":13}},"7":{"start":{"line":25,"column":16},"end":{"line":28,"column":30}},"8":{"start":{"line":30,"column":16},"end":{"line":33,"column":27}},"9":{"start":{"line":37,"column":8},"end":{"line":39,"column":21}},"10":{"start":{"line":40,"column":8},"end":{"line":53,"column":9}},"11":{"start":{"line":43,"column":12},"end":{"line":46,"column":14}},"12":{"start":{"line":47,"column":12},"end":{"line":47,"column":18}},"13":{"start":{"line":50,"column":12},"end":{"line":51,"column":33}},"14":{"start":{"line":52,"column":12},"end":{"line":52,"column":18}},"15":{"start":{"line":55,"column":8},"end":{"line":55,"column":35}},"16":{"start":{"line":61,"column":4},"end":{"line":63,"column":9}},"17":{"start":{"line":62,"column":8},"end":{"line":62,"column":15}},"18":{"start":{"line":64,"column":4},"end":{"line":77,"column":5}},"19":{"start":{"line":70,"column":8},"end":{"line":70,"column":14}},"20":{"start":{"line":76,"column":8},"end":{"line":76,"column":14}},"21":{"start":{"line":82,"column":4},"end":{"line":84,"column":9}},"22":{"start":{"line":83,"column":8},"end":{"line":83,"column":15}},"23":{"start":{"line":85,"column":4},"end":{"line":194,"column":5}},"24":{"start":{"line":91,"column":8},"end":{"line":99,"column":10}},"25":{"start":{"line":98,"column":12},"end":{"line":98,"column":35}},"26":{"start":{"line":102,"column":8},"end":{"line":104,"column":63}},"27":{"start":{"line":105,"column":8},"end":{"line":105,"column":14}},"28":{"start":{"line":112,"column":8},"end":{"line":121,"column":10},"skip":true},"29":{"start":{"line":119,"column":12},"end":{"line":119,"column":55},"skip":true},"30":{"start":{"line":120,"column":12},"end":{"line":120,"column":48},"skip":true},"31":{"start":{"line":123,"column":8},"end":{"line":136,"column":10},"skip":true},"32":{"start":{"line":130,"column":12},"end":{"line":130,"column":76},"skip":true},"33":{"start":{"line":131,"column":12},"end":{"line":131,"column":73},"skip":true},"34":{"start":{"line":132,"column":12},"end":{"line":132,"column":74},"skip":true},"35":{"start":{"line":133,"column":12},"end":{"line":133,"column":79},"skip":true},"36":{"start":{"line":134,"column":12},"end":{"line":134,"column":25},"skip":true},"37":{"start":{"line":135,"column":12},"end":{"line":135,"column":45},"skip":true},"38":{"start":{"line":138,"column":8},"end":{"line":145,"column":14},"skip":true},"39":{"start":{"line":143,"column":16},"end":{"line":143,"column":29},"skip":true},"40":{"start":{"line":144,"column":16},"end":{"line":144,"column":55},"skip":true},"41":{"start":{"line":147,"column":8},"end":{"line":156,"column":10},"skip":true},"42":{"start":{"line":154,"column":12},"end":{"line":154,"column":25},"skip":true},"43":{"start":{"line":155,"column":12},"end":{"line":155,"column":45},"skip":true},"44":{"start":{"line":158,"column":8},"end":{"line":167,"column":10},"skip":true},"45":{"start":{"line":165,"column":12},"end":{"line":165,"column":25},"skip":true},"46":{"start":{"line":166,"column":12},"end":{"line":166,"column":48},"skip":true},"47":{"start":{"line":169,"column":8},"end":{"line":178,"column":10},"skip":true},"48":{"start":{"line":176,"column":12},"end":{"line":176,"column":25},"skip":true},"49":{"start":{"line":177,"column":12},"end":{"line":177,"column":46},"skip":true},"50":{"start":{"line":180,"column":8},"end":{"line":189,"column":10},"skip":true},"51":{"start":{"line":187,"column":12},"end":{"line":187,"column":94},"skip":true},"52":{"start":{"line":188,"column":12},"end":{"line":188,"column":48},"skip":true},"53":{"start":{"line":192,"column":8},"end":{"line":192,"column":35},"skip":true},"54":{"start":{"line":193,"column":8},"end":{"line":193,"column":14},"skip":true}},"branchMap":{"1":{"line":25,"type":"binary-expr","locations":[{"start":{"line":25,"column":23},"end":{"line":25,"column":62}},{"start":{"line":26,"column":20},"end":{"line":26,"column":70}},{"start":{"line":27,"column":20},"end":{"line":27,"column":71}},{"start":{"line":28,"column":20},"end":{"line":28,"column":29}}]},"2":{"line":30,"type":"binary-expr","locations":[{"start":{"line":30,"column":23},"end":{"line":30,"column":37}},{"start":{"line":31,"column":20},"end":{"line":31,"column":61}},{"start":{"line":32,"column":20},"end":{"line":32,"column":70}},{"start":{"line":33,"column":20},"end":{"line":33,"column":26}}]},"3":{"line":37,"type":"cond-expr","locations":[{"start":{"line":38,"column":14},"end":{"line":38,"column":20}},{"start":{"line":39,"column":14},"end":{"line":39,"column":20}}]},"4":{"line":40,"type":"switch","locations":[{"start":{"line":42,"column":8},"end":{"line":47,"column":18}},{"start":{"line":49,"column":8},"end":{"line":52,"column":18}}]},"5":{"line":44,"type":"binary-expr","locations":[{"start":{"line":44,"column":16},"end":{"line":44,"column":44}},{"start":{"line":44,"column":48},"end":{"line":44,"column":66}}]},"6":{"line":50,"type":"binary-expr","locations":[{"start":{"line":50,"column":21},"end":{"line":50,"column":49}},{"start":{"line":50,"column":53},"end":{"line":50,"column":72}}]},"7":{"line":64,"type":"switch","locations":[{"start":{"line":69,"column":4},"end":{"line":70,"column":14}},{"start":{"line":75,"column":4},"end":{"line":76,"column":14}}]},"8":{"line":85,"type":"switch","locations":[{"start":{"line":90,"column":4},"end":{"line":105,"column":14}},{"start":{"line":111,"column":4},"end":{"line":193,"column":14},"skip":true}]},"9":{"line":91,"type":"binary-expr","locations":[{"start":{"line":91,"column":42},"end":{"line":91,"column":73}},{"start":{"line":91,"column":77},"end":{"line":99,"column":9}}]},"10":{"line":102,"type":"binary-expr","locations":[{"start":{"line":102,"column":18},"end":{"line":102,"column":32}},{"start":{"line":103,"column":12},"end":{"line":103,"column":53}},{"start":{"line":104,"column":12},"end":{"line":104,"column":61}}]},"11":{"line":112,"type":"binary-expr","locations":[{"start":{"line":112,"column":45},"end":{"line":112,"column":79},"skip":true},{"start":{"line":112,"column":83},"end":{"line":121,"column":9},"skip":true}]},"12":{"line":123,"type":"binary-expr","locations":[{"start":{"line":123,"column":42},"end":{"line":123,"column":73},"skip":true},{"start":{"line":123,"column":77},"end":{"line":136,"column":9},"skip":true}]},"13":{"line":138,"type":"binary-expr","locations":[{"start":{"line":138,"column":48},"end":{"line":138,"column":85},"skip":true},{"start":{"line":139,"column":12},"end":{"line":145,"column":13},"skip":true}]},"14":{"line":147,"type":"binary-expr","locations":[{"start":{"line":147,"column":42},"end":{"line":147,"column":73},"skip":true},{"start":{"line":147,"column":77},"end":{"line":156,"column":9},"skip":true}]},"15":{"line":158,"type":"binary-expr","locations":[{"start":{"line":158,"column":45},"end":{"line":158,"column":79},"skip":true},{"start":{"line":158,"column":83},"end":{"line":167,"column":9},"skip":true}]},"16":{"line":169,"type":"binary-expr","locations":[{"start":{"line":169,"column":43},"end":{"line":169,"column":75},"skip":true},{"start":{"line":169,"column":79},"end":{"line":178,"column":9},"skip":true}]},"17":{"line":180,"type":"binary-expr","locations":[{"start":{"line":180,"column":41},"end":{"line":180,"column":71},"skip":true},{"start":{"line":180,"column":75},"end":{"line":189,"column":9},"skip":true}]}},"code":["/* istanbul instrument in package npmtest_pdfkit */","/*jslint","    bitwise: true,","    browser: true,","    maxerr: 8,","    maxlen: 96,","    node: true,","    nomen: true,","    regexp: true,","    stupid: true","*/","(function () {","    'use strict';","    var local;","","","","    // run shared js-env code - pre-init","    (function () {","        // init local","        local = {};","        // init modeJs","        local.modeJs = (function () {","            try {","                return typeof navigator.userAgent === 'string' &&","                    typeof document.querySelector('body') === 'object' &&","                    typeof XMLHttpRequest.prototype.open === 'function' &&","                    'browser';","            } catch (errorCaughtBrowser) {","                return module.exports &&","                    typeof process.versions.node === 'string' &&","                    typeof require('http').createServer === 'function' &&","                    'node';","            }","        }());","        // init global","        local.global = local.modeJs === 'browser'","            ? window","            : global;","        switch (local.modeJs) {","        // re-init local from window.local","        case 'browser':","            local = local.global.utility2.objectSetDefault(","                local.global.utility2_rollup || local.global.local,","                local.global.utility2","            );","            break;","        // re-init local from example.js","        case 'node':","            local = (local.global.utility2_rollup || require('utility2'))","                .requireReadme();","            break;","        }","        // export local","        local.global.local = local;","    }());","","","","    // run shared js-env code - function","    (function () {","        return;","    }());","    switch (local.modeJs) {","","","","    // run browser js-env code - function","    case 'browser':","        break;","","","","    // run node js-env code - function","    case 'node':","        break;","    }","","","","    // run shared js-env code - post-init","    (function () {","        return;","    }());","    switch (local.modeJs) {","","","","    // run browser js-env code - post-init","    case 'browser':","        local.testCase_browser_nullCase = local.testCase_browser_nullCase || function (","            options,","            onError","        ) {","        /*","         * this function will test browsers's null-case handling-behavior-behavior","         */","            onError(null, options);","        };","","        // run tests","        local.nop(local.modeTest &&","            document.querySelector('#testRunButton1') &&","            document.querySelector('#testRunButton1').click());","        break;","","","","    // run node js-env code - post-init","    /* istanbul ignore next */","    case 'node':","        local.testCase_buildApidoc_default = local.testCase_buildApidoc_default || function (","            options,","            onError","        ) {","        /*","         * this function will test buildApidoc's default handling-behavior-behavior","         */","            options = { modulePathList: module.paths };","            local.buildApidoc(options, onError);","        };","","        local.testCase_buildApp_default = local.testCase_buildApp_default || function (","            options,","            onError","        ) {","        /*","         * this function will test buildApp's default handling-behavior-behavior","         */","            local.testCase_buildReadme_default(options, local.onErrorThrow);","            local.testCase_buildLib_default(options, local.onErrorThrow);","            local.testCase_buildTest_default(options, local.onErrorThrow);","            local.testCase_buildCustomOrg_default(options, local.onErrorThrow);","            options = [];","            local.buildApp(options, onError);","        };","","        local.testCase_buildCustomOrg_default = local.testCase_buildCustomOrg_default ||","            function (options, onError) {","            /*","             * this function will test buildCustomOrg's default handling-behavior","             */","                options = {};","                local.buildCustomOrg(options, onError);","            };","","        local.testCase_buildLib_default = local.testCase_buildLib_default || function (","            options,","            onError","        ) {","        /*","         * this function will test buildLib's default handling-behavior","         */","            options = {};","            local.buildLib(options, onError);","        };","","        local.testCase_buildReadme_default = local.testCase_buildReadme_default || function (","            options,","            onError","        ) {","        /*","         * this function will test buildReadme's default handling-behavior-behavior","         */","            options = {};","            local.buildReadme(options, onError);","        };","","        local.testCase_buildTest_default = local.testCase_buildTest_default || function (","            options,","            onError","        ) {","        /*","         * this function will test buildTest's default handling-behavior","         */","            options = {};","            local.buildTest(options, onError);","        };","","        local.testCase_webpage_default = local.testCase_webpage_default || function (","            options,","            onError","        ) {","        /*","         * this function will test webpage's default handling-behavior","         */","            options = { modeCoverageMerge: true, url: local.serverLocalHost + '?modeTest=1' };","            local.browserTest(options, onError);","        };","","        // run test-server","        local.testRunServer(local);","        break;","    }","}());",""],"l":{"12":2,"14":2,"19":2,"21":2,"23":2,"24":2,"25":2,"30":1,"37":2,"40":2,"43":1,"47":1,"50":1,"52":1,"55":2,"61":2,"62":2,"64":2,"70":1,"76":1,"82":2,"83":2,"85":2,"91":1,"98":1,"102":1,"105":1,"112":1,"119":1,"120":1,"123":1,"130":1,"131":1,"132":1,"133":1,"134":1,"135":1,"138":1,"143":2,"144":2,"147":1,"154":2,"155":2,"158":1,"165":2,"166":2,"169":1,"176":2,"177":2,"180":1,"187":1,"188":1,"192":1,"193":1}},"/home/travis/build/npmtest/node-npmtest-pdfkit/lib.npmtest_pdfkit.js":{"path":"/home/travis/build/npmtest/node-npmtest-pdfkit/lib.npmtest_pdfkit.js","s":{"1":2,"2":2,"3":2,"4":2,"5":2,"6":2,"7":2,"8":1,"9":2,"10":2,"11":2,"12":2,"13":1,"14":1,"15":1,"16":1},"b":{"1":[2,1,1,1],"2":[1,1,1,1],"3":[1,1],"4":[2,2],"5":[1,1]},"f":{"1":2,"2":2,"3":2},"fnMap":{"1":{"name":"(anonymous_1)","line":12,"loc":{"start":{"line":12,"column":1},"end":{"line":12,"column":13}}},"2":{"name":"(anonymous_2)","line":19,"loc":{"start":{"line":19,"column":5},"end":{"line":19,"column":17}}},"3":{"name":"(anonymous_3)","line":23,"loc":{"start":{"line":23,"column":24},"end":{"line":23,"column":36}}}},"statementMap":{"1":{"start":{"line":12,"column":0},"end":{"line":53,"column":5}},"2":{"start":{"line":14,"column":4},"end":{"line":14,"column":14}},"3":{"start":{"line":19,"column":4},"end":{"line":52,"column":9}},"4":{"start":{"line":21,"column":8},"end":{"line":21,"column":19}},"5":{"start":{"line":23,"column":8},"end":{"line":35,"column":13}},"6":{"start":{"line":24,"column":12},"end":{"line":34,"column":13}},"7":{"start":{"line":25,"column":16},"end":{"line":28,"column":30}},"8":{"start":{"line":30,"column":16},"end":{"line":33,"column":27}},"9":{"start":{"line":37,"column":8},"end":{"line":39,"column":21}},"10":{"start":{"line":41,"column":8},"end":{"line":41,"column":54}},"11":{"start":{"line":43,"column":8},"end":{"line":43,"column":51}},"12":{"start":{"line":45,"column":8},"end":{"line":51,"column":9}},"13":{"start":{"line":46,"column":12},"end":{"line":46,"column":57}},"14":{"start":{"line":48,"column":12},"end":{"line":48,"column":35}},"15":{"start":{"line":49,"column":12},"end":{"line":49,"column":49}},"16":{"start":{"line":50,"column":12},"end":{"line":50,"column":43}}},"branchMap":{"1":{"line":25,"type":"binary-expr","locations":[{"start":{"line":25,"column":23},"end":{"line":25,"column":62}},{"start":{"line":26,"column":20},"end":{"line":26,"column":70}},{"start":{"line":27,"column":20},"end":{"line":27,"column":71}},{"start":{"line":28,"column":20},"end":{"line":28,"column":29}}]},"2":{"line":30,"type":"binary-expr","locations":[{"start":{"line":30,"column":23},"end":{"line":30,"column":37}},{"start":{"line":31,"column":20},"end":{"line":31,"column":61}},{"start":{"line":32,"column":20},"end":{"line":32,"column":70}},{"start":{"line":33,"column":20},"end":{"line":33,"column":26}}]},"3":{"line":37,"type":"cond-expr","locations":[{"start":{"line":38,"column":14},"end":{"line":38,"column":20}},{"start":{"line":39,"column":14},"end":{"line":39,"column":20}}]},"4":{"line":41,"type":"binary-expr","locations":[{"start":{"line":41,"column":16},"end":{"line":41,"column":44}},{"start":{"line":41,"column":48},"end":{"line":41,"column":53}}]},"5":{"line":45,"type":"if","locations":[{"start":{"line":45,"column":8},"end":{"line":45,"column":8}},{"start":{"line":45,"column":8},"end":{"line":45,"column":8}}]}},"code":["/* istanbul instrument in package npmtest_pdfkit */","/*jslint","    bitwise: true,","    browser: true,","    maxerr: 8,","    maxlen: 96,","    node: true,","    nomen: true,","    regexp: true,","    stupid: true","*/","(function () {","    'use strict';","    var local;","","","","    // run shared js-env code - pre-init","    (function () {","        // init local","        local = {};","        // init modeJs","        local.modeJs = (function () {","            try {","                return typeof navigator.userAgent === 'string' &&","                    typeof document.querySelector('body') === 'object' &&","                    typeof XMLHttpRequest.prototype.open === 'function' &&","                    'browser';","            } catch (errorCaughtBrowser) {","                return module.exports &&","                    typeof process.versions.node === 'string' &&","                    typeof require('http').createServer === 'function' &&","                    'node';","            }","        }());","        // init global","        local.global = local.modeJs === 'browser'","            ? window","            : global;","        // init utility2_rollup","        local = local.global.utility2_rollup || local;","        // init lib","        local.local = local.npmtest_pdfkit = local;","        // init exports","        if (local.modeJs === 'browser') {","            local.global.utility2_npmtest_pdfkit = local;","        } else {","            module.exports = local;","            module.exports.__dirname = __dirname;","            module.exports.module = module;","        }","    }());","}());",""],"l":{"12":2,"14":2,"19":2,"21":2,"23":2,"24":2,"25":2,"30":1,"37":2,"41":2,"43":2,"45":2,"46":1,"48":1,"49":1,"50":1}},"/home/travis/build/npmtest/node-npmtest-pdfkit/example.js":{"path":"/home/travis/build/npmtest/node-npmtest-pdfkit/example.js","s":{"1":2,"2":2,"3":2,"4":2,"5":2,"6":2,"7":2,"8":1,"9":2,"10":2,"11":2,"12":2,"13":1,"14":2,"15":2,"16":2,"17":2,"18":2,"19":0,"20":2,"21":1,"22":1,"23":1,"24":1,"25":1,"26":0,"27":0,"28":1,"29":1,"30":2,"31":0,"32":0,"33":0,"34":1,"35":2,"36":2,"37":3,"38":3,"39":3,"40":3,"41":0,"42":3,"43":3,"44":3,"45":1,"46":3,"47":1,"48":1,"49":1,"50":1,"51":1,"52":1,"53":1,"54":1,"55":1,"56":1,"57":0,"58":1,"59":6,"60":6,"61":1,"62":2,"63":0,"64":2,"65":1,"66":1,"67":0,"68":0,"69":0,"70":0,"71":0,"72":0,"73":0,"74":0,"75":0,"76":0,"77":0,"78":0,"79":0,"80":0,"81":0,"82":0,"83":0},"b":{"1":[2,1,1,1],"2":[1,1,1,1],"3":[1,1],"4":[2,2],"5":[1,1],"6":[1,1],"7":[2,0],"8":[2,1,1,1,1,1],"9":[0,2,0],"10":[1,1],"11":[2,1,1],"12":[1,0],"13":[0,2],"14":[2,0,0,0,0,0,0],"15":[0,3],"16":[3,0],"17":[1,1],"18":[0,1],"19":[1,2,0,2],"20":[1,0],"21":[1,1],"22":[0,0],"23":[0,0],"24":[0,0],"25":[0,0],"26":[0,0],"27":[0,0],"28":[0,0]},"f":{"1":2,"2":2,"3":2,"4":2,"5":2,"6":2,"7":3,"8":3,"9":3,"10":1,"11":6,"12":0},"fnMap":{"1":{"name":"(anonymous_1)","line":26,"loc":{"start":{"line":26,"column":1},"end":{"line":26,"column":13}}},"2":{"name":"(anonymous_2)","line":33,"loc":{"start":{"line":33,"column":5},"end":{"line":33,"column":17}}},"3":{"name":"(anonymous_3)","line":37,"loc":{"start":{"line":37,"column":24},"end":{"line":37,"column":36}}},"4":{"name":"(anonymous_4)","line":69,"loc":{"start":{"line":69,"column":31},"end":{"line":69,"column":48}},"skip":true},"5":{"name":"(anonymous_5)","line":78,"loc":{"start":{"line":78,"column":26},"end":{"line":78,"column":45}},"skip":true},"6":{"name":"(anonymous_6)","line":123,"loc":{"start":{"line":123,"column":33},"end":{"line":123,"column":48}},"skip":true},"7":{"name":"(anonymous_7)","line":125,"loc":{"start":{"line":125,"column":27},"end":{"line":125,"column":39}},"skip":true},"8":{"name":"(anonymous_8)","line":133,"loc":{"start":{"line":133,"column":59},"end":{"line":133,"column":74}},"skip":true},"9":{"name":"(anonymous_9)","line":143,"loc":{"start":{"line":143,"column":45},"end":{"line":143,"column":62}},"skip":true},"10":{"name":"(anonymous_10)","line":144,"loc":{"start":{"line":144,"column":73},"end":{"line":144,"column":92}},"skip":true},"11":{"name":"(anonymous_11)","line":272,"loc":{"start":{"line":272,"column":51},"end":{"line":272,"column":77}},"skip":true},"12":{"name":"(anonymous_12)","line":315,"loc":{"start":{"line":315,"column":32},"end":{"line":315,"column":61}},"skip":true}},"statementMap":{"1":{"start":{"line":26,"column":0},"end":{"line":326,"column":5}},"2":{"start":{"line":28,"column":4},"end":{"line":28,"column":14}},"3":{"start":{"line":33,"column":4},"end":{"line":60,"column":9}},"4":{"start":{"line":35,"column":8},"end":{"line":35,"column":19}},"5":{"start":{"line":37,"column":8},"end":{"line":49,"column":13}},"6":{"start":{"line":38,"column":12},"end":{"line":48,"column":13}},"7":{"start":{"line":39,"column":16},"end":{"line":42,"column":30}},"8":{"start":{"line":44,"column":16},"end":{"line":47,"column":27}},"9":{"start":{"line":51,"column":8},"end":{"line":53,"column":21}},"10":{"start":{"line":55,"column":8},"end":{"line":57,"column":45}},"11":{"start":{"line":59,"column":8},"end":{"line":59,"column":35}},"12":{"start":{"line":61,"column":4},"end":{"line":325,"column":5}},"13":{"start":{"line":69,"column":8},"end":{"line":121,"column":10},"skip":true},"14":{"start":{"line":70,"column":12},"end":{"line":88,"column":13},"skip":true},"15":{"start":{"line":76,"column":16},"end":{"line":87,"column":19},"skip":true},"16":{"start":{"line":79,"column":20},"end":{"line":86,"column":21},"skip":true},"17":{"start":{"line":82,"column":24},"end":{"line":82,"column":43},"skip":true},"18":{"start":{"line":83,"column":24},"end":{"line":83,"column":30},"skip":true},"19":{"start":{"line":85,"column":24},"end":{"line":85,"column":49},"skip":true},"20":{"start":{"line":89,"column":12},"end":{"line":107,"column":13},"skip":true},"21":{"start":{"line":92,"column":16},"end":{"line":102,"column":17},"skip":true},"22":{"start":{"line":93,"column":20},"end":{"line":93,"column":86},"skip":true},"23":{"start":{"line":94,"column":20},"end":{"line":95,"column":45},"skip":true},"24":{"start":{"line":96,"column":20},"end":{"line":96,"column":42},"skip":true},"25":{"start":{"line":97,"column":20},"end":{"line":97,"column":48},"skip":true},"26":{"start":{"line":100,"column":20},"end":{"line":100,"column":85},"skip":true},"27":{"start":{"line":101,"column":20},"end":{"line":101,"column":96},"skip":true},"28":{"start":{"line":103,"column":16},"end":{"line":103,"column":22},"skip":true},"29":{"start":{"line":106,"column":16},"end":{"line":106,"column":22},"skip":true},"30":{"start":{"line":108,"column":12},"end":{"line":120,"column":13},"skip":true},"31":{"start":{"line":114,"column":16},"end":{"line":119,"column":17},"skip":true},"32":{"start":{"line":116,"column":20},"end":{"line":116,"column":78},"skip":true},"33":{"start":{"line":118,"column":20},"end":{"line":118,"column":47},"skip":true},"34":{"start":{"line":123,"column":8},"end":{"line":141,"column":11},"skip":true},"35":{"start":{"line":124,"column":12},"end":{"line":124,"column":54},"skip":true},"36":{"start":{"line":125,"column":12},"end":{"line":140,"column":14},"skip":true},"37":{"start":{"line":126,"column":16},"end":{"line":126,"column":28},"skip":true},"38":{"start":{"line":127,"column":16},"end":{"line":127,"column":69},"skip":true},"39":{"start":{"line":128,"column":16},"end":{"line":128,"column":75},"skip":true},"40":{"start":{"line":129,"column":16},"end":{"line":131,"column":17},"skip":true},"41":{"start":{"line":130,"column":20},"end":{"line":130,"column":27},"skip":true},"42":{"start":{"line":133,"column":16},"end":{"line":137,"column":36},"skip":true},"43":{"start":{"line":134,"column":20},"end":{"line":136,"column":55},"skip":true},"44":{"start":{"line":139,"column":16},"end":{"line":139,"column":57},"skip":true},"45":{"start":{"line":143,"column":8},"end":{"line":147,"column":11},"skip":true},"46":{"start":{"line":144,"column":12},"end":{"line":146,"column":15},"skip":true},"47":{"start":{"line":145,"column":16},"end":{"line":145,"column":70},"skip":true},"48":{"start":{"line":149,"column":8},"end":{"line":149,"column":31},"skip":true},"49":{"start":{"line":150,"column":8},"end":{"line":150,"column":14},"skip":true},"50":{"start":{"line":158,"column":8},"end":{"line":158,"column":31},"skip":true},"51":{"start":{"line":160,"column":8},"end":{"line":160,"column":33},"skip":true},"52":{"start":{"line":161,"column":8},"end":{"line":161,"column":37},"skip":true},"53":{"start":{"line":162,"column":8},"end":{"line":162,"column":35},"skip":true},"54":{"start":{"line":164,"column":8},"end":{"line":164,"column":50},"skip":true},"55":{"start":{"line":166,"column":8},"end":{"line":256,"column":2},"skip":true},"56":{"start":{"line":258,"column":8},"end":{"line":286,"column":9},"skip":true},"57":{"start":{"line":259,"column":12},"end":{"line":269,"column":14},"skip":true},"58":{"start":{"line":271,"column":12},"end":{"line":285,"column":19},"skip":true},"59":{"start":{"line":274,"column":20},"end":{"line":274,"column":35},"skip":true},"60":{"start":{"line":275,"column":20},"end":{"line":284,"column":21},"skip":true},"61":{"start":{"line":277,"column":24},"end":{"line":277,"column":64},"skip":true},"62":{"start":{"line":279,"column":24},"end":{"line":279,"column":40},"skip":true},"63":{"start":{"line":281,"column":24},"end":{"line":281,"column":40},"skip":true},"64":{"start":{"line":283,"column":24},"end":{"line":283,"column":39},"skip":true},"65":{"start":{"line":288,"column":8},"end":{"line":290,"column":9},"skip":true},"66":{"start":{"line":289,"column":12},"end":{"line":289,"column":18},"skip":true},"67":{"start":{"line":291,"column":8},"end":{"line":293,"column":54},"skip":true},"68":{"start":{"line":296,"column":8},"end":{"line":301,"column":37},"skip":true},"69":{"start":{"line":303,"column":8},"end":{"line":303,"column":82},"skip":true},"70":{"start":{"line":306,"column":8},"end":{"line":308,"column":9},"skip":true},"71":{"start":{"line":307,"column":12},"end":{"line":307,"column":82},"skip":true},"72":{"start":{"line":310,"column":8},"end":{"line":312,"column":9},"skip":true},"73":{"start":{"line":311,"column":12},"end":{"line":311,"column":18},"skip":true},"74":{"start":{"line":313,"column":8},"end":{"line":313,"column":54},"skip":true},"75":{"start":{"line":314,"column":8},"end":{"line":314,"column":69},"skip":true},"76":{"start":{"line":315,"column":8},"end":{"line":323,"column":36},"skip":true},"77":{"start":{"line":316,"column":12},"end":{"line":316,"column":61},"skip":true},"78":{"start":{"line":317,"column":12},"end":{"line":320,"column":13},"skip":true},"79":{"start":{"line":318,"column":16},"end":{"line":318,"column":75},"skip":true},"80":{"start":{"line":319,"column":16},"end":{"line":319,"column":23},"skip":true},"81":{"start":{"line":321,"column":12},"end":{"line":321,"column":38},"skip":true},"82":{"start":{"line":322,"column":12},"end":{"line":322,"column":27},"skip":true},"83":{"start":{"line":324,"column":8},"end":{"line":324,"column":14},"skip":true}},"branchMap":{"1":{"line":39,"type":"binary-expr","locations":[{"start":{"line":39,"column":23},"end":{"line":39,"column":62}},{"start":{"line":40,"column":20},"end":{"line":40,"column":70}},{"start":{"line":41,"column":20},"end":{"line":41,"column":71}},{"start":{"line":42,"column":20},"end":{"line":42,"column":29}}]},"2":{"line":44,"type":"binary-expr","locations":[{"start":{"line":44,"column":23},"end":{"line":44,"column":37}},{"start":{"line":45,"column":20},"end":{"line":45,"column":61}},{"start":{"line":46,"column":20},"end":{"line":46,"column":70}},{"start":{"line":47,"column":20},"end":{"line":47,"column":26}}]},"3":{"line":51,"type":"cond-expr","locations":[{"start":{"line":52,"column":14},"end":{"line":52,"column":20}},{"start":{"line":53,"column":14},"end":{"line":53,"column":20}}]},"4":{"line":55,"type":"binary-expr","locations":[{"start":{"line":55,"column":16},"end":{"line":55,"column":44}},{"start":{"line":55,"column":49},"end":{"line":57,"column":43}}]},"5":{"line":55,"type":"cond-expr","locations":[{"start":{"line":56,"column":14},"end":{"line":56,"column":50}},{"start":{"line":57,"column":14},"end":{"line":57,"column":43}}]},"6":{"line":61,"type":"switch","locations":[{"start":{"line":68,"column":4},"end":{"line":150,"column":14},"skip":true},{"start":{"line":156,"column":4},"end":{"line":324,"column":14},"skip":true}]},"7":{"line":70,"type":"if","locations":[{"start":{"line":70,"column":12},"end":{"line":70,"column":12},"skip":true},{"start":{"line":70,"column":12},"end":{"line":70,"column":12},"skip":true}]},"8":{"line":70,"type":"binary-expr","locations":[{"start":{"line":70,"column":16},"end":{"line":70,"column":22},"skip":true},{"start":{"line":70,"column":27},"end":{"line":70,"column":32},"skip":true},{"start":{"line":71,"column":20},"end":{"line":71,"column":39},"skip":true},{"start":{"line":72,"column":20},"end":{"line":72,"column":49},"skip":true},{"start":{"line":73,"column":20},"end":{"line":73,"column":58},"skip":true},{"start":{"line":74,"column":20},"end":{"line":74,"column":69},"skip":true}]},"9":{"line":79,"type":"switch","locations":[{"start":{"line":80,"column":20},"end":{"line":80,"column":33},"skip":true},{"start":{"line":81,"column":20},"end":{"line":83,"column":30},"skip":true},{"start":{"line":84,"column":20},"end":{"line":85,"column":49},"skip":true}]},"10":{"line":89,"type":"switch","locations":[{"start":{"line":90,"column":12},"end":{"line":103,"column":22},"skip":true},{"start":{"line":105,"column":12},"end":{"line":106,"column":22},"skip":true}]},"11":{"line":89,"type":"binary-expr","locations":[{"start":{"line":89,"column":20},"end":{"line":89,"column":25},"skip":true},{"start":{"line":89,"column":29},"end":{"line":89,"column":48},"skip":true},{"start":{"line":89,"column":52},"end":{"line":89,"column":74},"skip":true}]},"12":{"line":92,"type":"if","locations":[{"start":{"line":92,"column":16},"end":{"line":92,"column":16},"skip":true},{"start":{"line":92,"column":16},"end":{"line":92,"column":16},"skip":true}]},"13":{"line":108,"type":"if","locations":[{"start":{"line":108,"column":12},"end":{"line":108,"column":12},"skip":true},{"start":{"line":108,"column":12},"end":{"line":108,"column":12},"skip":true}]},"14":{"line":108,"type":"binary-expr","locations":[{"start":{"line":108,"column":16},"end":{"line":108,"column":61},"skip":true},{"start":{"line":108,"column":66},"end":{"line":108,"column":72},"skip":true},{"start":{"line":108,"column":77},"end":{"line":108,"column":82},"skip":true},{"start":{"line":109,"column":20},"end":{"line":109,"column":39},"skip":true},{"start":{"line":110,"column":20},"end":{"line":110,"column":49},"skip":true},{"start":{"line":111,"column":20},"end":{"line":111,"column":58},"skip":true},{"start":{"line":112,"column":20},"end":{"line":112,"column":68},"skip":true}]},"15":{"line":129,"type":"if","locations":[{"start":{"line":129,"column":16},"end":{"line":129,"column":16},"skip":true},{"start":{"line":129,"column":16},"end":{"line":129,"column":16},"skip":true}]},"16":{"line":134,"type":"cond-expr","locations":[{"start":{"line":135,"column":26},"end":{"line":135,"column":29},"skip":true},{"start":{"line":136,"column":26},"end":{"line":136,"column":54},"skip":true}]},"17":{"line":164,"type":"binary-expr","locations":[{"start":{"line":164,"column":27},"end":{"line":164,"column":43},"skip":true},{"start":{"line":164,"column":47},"end":{"line":164,"column":49},"skip":true}]},"18":{"line":258,"type":"if","locations":[{"start":{"line":258,"column":8},"end":{"line":258,"column":8},"skip":true},{"start":{"line":258,"column":8},"end":{"line":258,"column":8},"skip":true}]},"19":{"line":275,"type":"switch","locations":[{"start":{"line":276,"column":20},"end":{"line":277,"column":64},"skip":true},{"start":{"line":278,"column":20},"end":{"line":279,"column":40},"skip":true},{"start":{"line":280,"column":20},"end":{"line":281,"column":40},"skip":true},{"start":{"line":282,"column":20},"end":{"line":283,"column":39},"skip":true}]},"20":{"line":288,"type":"if","locations":[{"start":{"line":288,"column":8},"end":{"line":288,"column":8},"skip":true},{"start":{"line":288,"column":8},"end":{"line":288,"column":8},"skip":true}]},"21":{"line":288,"type":"binary-expr","locations":[{"start":{"line":288,"column":12},"end":{"line":288,"column":40},"skip":true},{"start":{"line":288,"column":44},"end":{"line":288,"column":67},"skip":true}]},"22":{"line":292,"type":"binary-expr","locations":[{"start":{"line":292,"column":12},"end":{"line":292,"column":50},"skip":true},{"start":{"line":293,"column":12},"end":{"line":293,"column":53},"skip":true}]},"23":{"line":297,"type":"binary-expr","locations":[{"start":{"line":297,"column":12},"end":{"line":297,"column":64},"skip":true},{"start":{"line":298,"column":12},"end":{"line":301,"column":36},"skip":true}]},"24":{"line":303,"type":"binary-expr","locations":[{"start":{"line":303,"column":43},"end":{"line":303,"column":75},"skip":true},{"start":{"line":303,"column":79},"end":{"line":303,"column":81},"skip":true}]},"25":{"line":306,"type":"if","locations":[{"start":{"line":306,"column":8},"end":{"line":306,"column":8},"skip":true},{"start":{"line":306,"column":8},"end":{"line":306,"column":8},"skip":true}]},"26":{"line":310,"type":"if","locations":[{"start":{"line":310,"column":8},"end":{"line":310,"column":8},"skip":true},{"start":{"line":310,"column":8},"end":{"line":310,"column":8},"skip":true}]},"27":{"line":313,"type":"binary-expr","locations":[{"start":{"line":313,"column":27},"end":{"line":313,"column":43},"skip":true},{"start":{"line":313,"column":47},"end":{"line":313,"column":53},"skip":true}]},"28":{"line":317,"type":"if","locations":[{"start":{"line":317,"column":12},"end":{"line":317,"column":12},"skip":true},{"start":{"line":317,"column":12},"end":{"line":317,"column":12},"skip":true}]}},"code":["/*","example.js","","quickstart example","","instruction","    1. save this script as example.js","    2. run the shell command:","        $ npm install npmtest-pdfkit && PORT=8081 node example.js","    3. play with the browser-demo on http://127.0.0.1:8081","*/","","","","/* istanbul instrument in package npmtest_pdfkit */","/*jslint","    bitwise: true,","    browser: true,","    maxerr: 8,","    maxlen: 96,","    node: true,","    nomen: true,","    regexp: true,","    stupid: true","*/","(function () {","    'use strict';","    var local;","","","","    // run shared js-env code - pre-init","    (function () {","        // init local","        local = {};","        // init modeJs","        local.modeJs = (function () {","            try {","                return typeof navigator.userAgent === 'string' &&","                    typeof document.querySelector('body') === 'object' &&","                    typeof XMLHttpRequest.prototype.open === 'function' &&","                    'browser';","            } catch (errorCaughtBrowser) {","                return module.exports &&","                    typeof process.versions.node === 'string' &&","                    typeof require('http').createServer === 'function' &&","                    'node';","            }","        }());","        // init global","        local.global = local.modeJs === 'browser'","            ? window","            : global;","        // init utility2_rollup","        local = local.global.utility2_rollup || (local.modeJs === 'browser'","            ? local.global.utility2_npmtest_pdfkit","            : global.utility2_moduleExports);","        // export local","        local.global.local = local;","    }());","    switch (local.modeJs) {","","","","    // post-init","    // run browser js-env code - post-init","    /* istanbul ignore next */","    case 'browser':","        local.testRunBrowser = function (event) {","            if (!event || (event &&","                    event.currentTarget &&","                    event.currentTarget.className &&","                    event.currentTarget.className.includes &&","                    event.currentTarget.className.includes('onreset'))) {","                // reset output","                Array.from(","                    document.querySelectorAll('body > .resettable')","                ).forEach(function (element) {","                    switch (element.tagName) {","                    case 'INPUT':","                    case 'TEXTAREA':","                        element.value = '';","                        break;","                    default:","                        element.textContent = '';","                    }","                });","            }","            switch (event && event.currentTarget && event.currentTarget.id) {","            case 'testRunButton1':","                // show tests","                if (document.querySelector('#testReportDiv1').style.display === 'none') {","                    document.querySelector('#testReportDiv1').style.display = 'block';","                    document.querySelector('#testRunButton1').textContent =","                        'hide internal test';","                    local.modeTest = true;","                    local.testRunDefault(local);","                // hide tests","                } else {","                    document.querySelector('#testReportDiv1').style.display = 'none';","                    document.querySelector('#testRunButton1').textContent = 'run internal test';","                }","                break;","            // custom-case","            default:","                break;","            }","            if (document.querySelector('#inputTextareaEval1') && (!event || (event &&","                    event.currentTarget &&","                    event.currentTarget.className &&","                    event.currentTarget.className.includes &&","                    event.currentTarget.className.includes('oneval')))) {","                // try to eval input-code","                try {","                    /*jslint evil: true*/","                    eval(document.querySelector('#inputTextareaEval1').value);","                } catch (errorCaught) {","                    console.error(errorCaught);","                }","            }","        };","        // log stderr and stdout to #outputTextareaStdout1","        ['error', 'log'].forEach(function (key) {","            console[key + '_original'] = console[key];","            console[key] = function () {","                var element;","                console[key + '_original'].apply(console, arguments);","                element = document.querySelector('#outputTextareaStdout1');","                if (!element) {","                    return;","                }","                // append text to #outputTextareaStdout1","                element.value += Array.from(arguments).map(function (arg) {","                    return typeof arg === 'string'","                        ? arg","                        : JSON.stringify(arg, null, 4);","                }).join(' ') + '\\n';","                // scroll textarea to bottom","                element.scrollTop = element.scrollHeight;","            };","        });","        // init event-handling","        ['change', 'click', 'keyup'].forEach(function (event) {","            Array.from(document.querySelectorAll('.on' + event)).forEach(function (element) {","                element.addEventListener(event, local.testRunBrowser);","            });","        });","        // run tests","        local.testRunBrowser();","        break;","","","","    // run node js-env code - post-init","    /* istanbul ignore next */","    case 'node':","        // export local","        module.exports = local;","        // require modules","        local.fs = require('fs');","        local.http = require('http');","        local.url = require('url');","        // init assets","        local.assetsDict = local.assetsDict || {};","        /* jslint-ignore-begin */","        local.assetsDict['/assets.index.template.html'] = '\\","<!doctype html>\\n\\","<html lang=\"en\">\\n\\","<head>\\n\\","<meta charset=\"UTF-8\">\\n\\","<meta name=\"viewport\" content=\"width=device-width, initial-scale=1\">\\n\\","<title>{{env.npm_package_name}} (v{{env.npm_package_version}})</title>\\n\\","<style>\\n\\","/*csslint\\n\\","    box-sizing: false,\\n\\","    universal-selector: false\\n\\","*/\\n\\","* {\\n\\","    box-sizing: border-box;\\n\\","}\\n\\","body {\\n\\","    background: #dde;\\n\\","    font-family: Arial, Helvetica, sans-serif;\\n\\","    margin: 2rem;\\n\\","}\\n\\","body > * {\\n\\","    margin-bottom: 1rem;\\n\\","}\\n\\",".utility2FooterDiv {\\n\\","    margin-top: 20px;\\n\\","    text-align: center;\\n\\","}\\n\\","</style>\\n\\","<style>\\n\\","/*csslint\\n\\","*/\\n\\","textarea {\\n\\","    font-family: monospace;\\n\\","    height: 10rem;\\n\\","    width: 100%;\\n\\","}\\n\\","textarea[readonly] {\\n\\","    background: #ddd;\\n\\","}\\n\\","</style>\\n\\","</head>\\n\\","<body>\\n\\","<!-- utility2-comment\\n\\","<div id=\"ajaxProgressDiv1\" style=\"background: #d00; height: 2px; left: 0; margin: 0; padding: 0; position: fixed; top: 0; transition: background 0.5s, width 1.5s; width: 25%;\"></div>\\n\\","utility2-comment -->\\n\\","<h1>\\n\\","<!-- utility2-comment\\n\\","    <a\\n\\","        {{#if env.npm_package_homepage}}\\n\\","        href=\"{{env.npm_package_homepage}}\"\\n\\","        {{/if env.npm_package_homepage}}\\n\\","        target=\"_blank\"\\n\\","    >\\n\\","utility2-comment -->\\n\\","        {{env.npm_package_name}} (v{{env.npm_package_version}})\\n\\","<!-- utility2-comment\\n\\","    </a>\\n\\","utility2-comment -->\\n\\","</h1>\\n\\","<h3>{{env.npm_package_description}}</h3>\\n\\","<!-- utility2-comment\\n\\","<h4><a download href=\"assets.app.js\">download standalone app</a></h4>\\n\\","<button class=\"onclick onreset\" id=\"testRunButton1\">run internal test</button><br>\\n\\","<div id=\"testReportDiv1\" style=\"display: none;\"></div>\\n\\","utility2-comment -->\\n\\","\\n\\","\\n\\","\\n\\","<label>stderr and stdout</label>\\n\\","<textarea class=\"resettable\" id=\"outputTextareaStdout1\" readonly></textarea>\\n\\","<!-- utility2-comment\\n\\","{{#if isRollup}}\\n\\","<script src=\"assets.app.js\"></script>\\n\\","{{#unless isRollup}}\\n\\","utility2-comment -->\\n\\","<script src=\"assets.utility2.rollup.js\"></script>\\n\\","<script src=\"jsonp.utility2._stateInit?callback=window.utility2._stateInit\"></script>\\n\\","<script src=\"assets.npmtest_pdfkit.rollup.js\"></script>\\n\\","<script src=\"assets.example.js\"></script>\\n\\","<script src=\"assets.test.js\"></script>\\n\\","<!-- utility2-comment\\n\\","{{/if isRollup}}\\n\\","utility2-comment -->\\n\\","<div class=\"utility2FooterDiv\">\\n\\","    [ this app was created with\\n\\","    <a href=\"https://github.com/kaizhu256/node-utility2\" target=\"_blank\">utility2</a>\\n\\","    ]\\n\\","</div>\\n\\","</body>\\n\\","</html>\\n\\","';","        /* jslint-ignore-end */","        if (local.templateRender) {","            local.assetsDict['/'] = local.templateRender(","                local.assetsDict['/assets.index.template.html'],","                {","                    env: local.objectSetDefault(local.env, {","                        npm_package_description: 'the greatest app in the world!',","                        npm_package_name: 'my-app',","                        npm_package_nameAlias: 'my_app',","                        npm_package_version: '0.0.1'","                    })","                }","            );","        } else {","            local.assetsDict['/'] = local.assetsDict['/assets.index.template.html']","                .replace((/\\{\\{env\\.(\\w+?)\\}\\}/g), function (match0, match1) {","                    // jslint-hack","                    String(match0);","                    switch (match1) {","                    case 'npm_package_description':","                        return 'the greatest app in the world!';","                    case 'npm_package_name':","                        return 'my-app';","                    case 'npm_package_nameAlias':","                        return 'my_app';","                    case 'npm_package_version':","                        return '0.0.1';","                    }","                });","        }","        // run the cli","        if (local.global.utility2_rollup || module !== require.main) {","            break;","        }","        local.assetsDict['/assets.example.js'] =","            local.assetsDict['/assets.example.js'] ||","            local.fs.readFileSync(__filename, 'utf8');","        // bug-workaround - long $npm_package_buildCustomOrg","        /* jslint-ignore-begin */","        local.assetsDict['/assets.npmtest_pdfkit.rollup.js'] =","            local.assetsDict['/assets.npmtest_pdfkit.rollup.js'] ||","            local.fs.readFileSync(","                local.npmtest_pdfkit.__dirname + '/lib.npmtest_pdfkit.js',","                'utf8'","            ).replace((/^#!/), '//');","        /* jslint-ignore-end */","        local.assetsDict['/favicon.ico'] = local.assetsDict['/favicon.ico'] || '';","        // if $npm_config_timeout_exit exists,","        // then exit this process after $npm_config_timeout_exit ms","        if (Number(process.env.npm_config_timeout_exit)) {","            setTimeout(process.exit, Number(process.env.npm_config_timeout_exit));","        }","        // start server","        if (local.global.utility2_serverHttp1) {","            break;","        }","        process.env.PORT = process.env.PORT || '8081';","        console.error('server starting on port ' + process.env.PORT);","        local.http.createServer(function (request, response) {","            request.urlParsed = local.url.parse(request.url);","            if (local.assetsDict[request.urlParsed.pathname] !== undefined) {","                response.end(local.assetsDict[request.urlParsed.pathname]);","                return;","            }","            response.statusCode = 404;","            response.end();","        }).listen(process.env.PORT);","        break;","    }","}());",""],"l":{"26":2,"28":2,"33":2,"35":2,"37":2,"38":2,"39":2,"44":1,"51":2,"55":2,"59":2,"61":2,"69":1,"70":2,"76":2,"79":2,"82":2,"83":2,"85":1,"89":2,"92":1,"93":1,"94":1,"96":1,"97":1,"100":1,"101":1,"103":1,"106":1,"108":2,"114":1,"116":1,"118":1,"123":1,"124":2,"125":2,"126":3,"127":3,"128":3,"129":3,"130":1,"133":3,"134":3,"139":3,"143":1,"144":3,"145":1,"149":1,"150":1,"158":1,"160":1,"161":1,"162":1,"164":1,"166":1,"258":1,"259":1,"271":1,"274":6,"275":6,"277":1,"279":2,"281":1,"283":2,"288":1,"289":1,"291":1,"296":1,"303":1,"306":1,"307":1,"310":1,"311":1,"313":1,"314":1,"315":1,"316":1,"317":1,"318":1,"319":1,"321":1,"322":1,"324":1}},"/home/travis/build/npmtest/node-npmtest-pdfkit/node_modules/pdfkit/js/document.js":{"path":"/home/travis/build/npmtest/node-npmtest-pdfkit/node_modules/pdfkit/js/document.js","s":{"1":1,"2":1,"3":1,"4":3,"5":3,"6":1,"7":1,"8":1,"9":1,"10":1,"11":1,"12":1,"13":1,"14":1,"15":1,"16":1,"17":1,"18":1,"19":1,"20":1,"21":0,"22":0,"23":0,"24":0,"25":0,"26":0,"27":0,"28":0,"29":0,"30":0,"31":0,"32":0,"33":0,"34":0,"35":0,"36":0,"37":0,"38":0,"39":0,"40":0,"41":0,"42":0,"43":0,"44":0,"45":0,"46":0,"47":0,"48":0,"49":1,"50":6,"51":6,"52":6,"53":74,"54":74,"55":6,"56":1,"57":1,"58":1,"59":1,"60":1,"61":1,"62":1,"63":0,"64":0,"65":0,"66":0,"67":0,"68":0,"69":0,"70":0,"71":0,"72":0,"73":0,"74":0,"75":0,"76":0,"77":0,"78":0,"79":1,"80":0,"81":1,"82":0,"83":0,"84":0,"85":0,"86":1,"87":0,"88":0,"89":0,"90":0,"91":0,"92":0,"93":0,"94":1,"95":0,"96":0,"97":0,"98":0,"99":0,"100":1,"101":1,"102":0,"103":0,"104":0,"105":0,"106":1,"107":0,"108":0,"109":1,"110":0,"111":0,"112":0,"113":0,"114":1,"115":0,"116":0,"117":0,"118":0,"119":0,"120":0,"121":1,"122":0,"123":1,"124":0,"125":0,"126":0,"127":0,"128":0,"129":0,"130":0,"131":0,"132":0,"133":0,"134":0,"135":0,"136":0,"137":0,"138":0,"139":0,"140":0,"141":0,"142":0,"143":1,"144":0,"145":0,"146":0,"147":0,"148":0,"149":0,"150":0,"151":0,"152":0,"153":0,"154":0,"155":0,"156":0,"157":0,"158":0,"159":0,"160":1,"161":0,"162":1,"163":1},"b":{"1":[3,0],"2":[0,0],"3":[0,0],"4":[0,0],"5":[0,0],"6":[0,0],"7":[0,0],"8":[0,0],"9":[0,0],"10":[0,0],"11":[0,0],"12":[0,0],"13":[0,0]},"f":{"1":1,"2":1,"3":1,"4":1,"5":0,"6":6,"7":0,"8":0,"9":0,"10":0,"11":0,"12":0,"13":0,"14":0,"15":0,"16":0,"17":0,"18":0,"19":0,"20":0},"fnMap":{"1":{"name":"(anonymous_1)","line":8,"loc":{"start":{"line":8,"column":1},"end":{"line":8,"column":12}}},"2":{"name":"(anonymous_2)","line":10,"loc":{"start":{"line":10,"column":13},"end":{"line":10,"column":37}}},"3":{"name":"ctor","line":10,"loc":{"start":{"line":10,"column":124},"end":{"line":10,"column":140}}},"4":{"name":"(anonymous_4)","line":23,"loc":{"start":{"line":23,"column":17},"end":{"line":23,"column":38}}},"5":{"name":"PDFDocument","line":28,"loc":{"start":{"line":28,"column":4},"end":{"line":28,"column":35}}},"6":{"name":"(anonymous_6)","line":73,"loc":{"start":{"line":73,"column":12},"end":{"line":73,"column":30}}},"7":{"name":"(anonymous_7)","line":95,"loc":{"start":{"line":95,"column":36},"end":{"line":95,"column":54}}},"8":{"name":"(anonymous_8)","line":116,"loc":{"start":{"line":116,"column":46},"end":{"line":116,"column":57}}},"9":{"name":"(anonymous_9)","line":123,"loc":{"start":{"line":123,"column":41},"end":{"line":123,"column":53}}},"10":{"name":"(anonymous_10)","line":131,"loc":{"start":{"line":131,"column":39},"end":{"line":131,"column":50}}},"11":{"name":"(anonymous_11)","line":142,"loc":{"start":{"line":142,"column":32},"end":{"line":142,"column":47}}},"12":{"name":"(anonymous_12)","line":150,"loc":{"start":{"line":150,"column":34},"end":{"line":150,"column":45}}},"13":{"name":"(anonymous_13)","line":152,"loc":{"start":{"line":152,"column":35},"end":{"line":152,"column":50}}},"14":{"name":"(anonymous_14)","line":160,"loc":{"start":{"line":160,"column":39},"end":{"line":160,"column":54}}},"15":{"name":"(anonymous_15)","line":165,"loc":{"start":{"line":165,"column":36},"end":{"line":165,"column":50}}},"16":{"name":"(anonymous_16)","line":173,"loc":{"start":{"line":173,"column":34},"end":{"line":173,"column":57}}},"17":{"name":"(anonymous_17)","line":182,"loc":{"start":{"line":182,"column":35},"end":{"line":182,"column":48}}},"18":{"name":"(anonymous_18)","line":186,"loc":{"start":{"line":186,"column":32},"end":{"line":186,"column":43}}},"19":{"name":"(anonymous_19)","line":213,"loc":{"start":{"line":213,"column":38},"end":{"line":213,"column":51}}},"20":{"name":"(anonymous_20)","line":237,"loc":{"start":{"line":237,"column":37},"end":{"line":237,"column":48}}}},"statementMap":{"1":{"start":{"line":8,"column":0},"end":{"line":247,"column":14}},"2":{"start":{"line":9,"column":2},"end":{"line":11,"column":32}},"3":{"start":{"line":10,"column":39},"end":{"line":10,"column":123}},"4":{"start":{"line":10,"column":65},"end":{"line":10,"column":121}},"5":{"start":{"line":10,"column":96},"end":{"line":10,"column":121}},"6":{"start":{"line":10,"column":124},"end":{"line":10,"column":169}},"7":{"start":{"line":10,"column":142},"end":{"line":10,"column":167}},"8":{"start":{"line":10,"column":170},"end":{"line":10,"column":204}},"9":{"start":{"line":10,"column":205},"end":{"line":10,"column":234}},"10":{"start":{"line":10,"column":235},"end":{"line":10,"column":270}},"11":{"start":{"line":10,"column":271},"end":{"line":10,"column":284}},"12":{"start":{"line":13,"column":2},"end":{"line":13,"column":29}},"13":{"start":{"line":15,"column":2},"end":{"line":15,"column":21}},"14":{"start":{"line":17,"column":2},"end":{"line":17,"column":34}},"15":{"start":{"line":19,"column":2},"end":{"line":19,"column":40}},"16":{"start":{"line":21,"column":2},"end":{"line":21,"column":30}},"17":{"start":{"line":23,"column":2},"end":{"line":243,"column":22}},"18":{"start":{"line":24,"column":4},"end":{"line":24,"column":14}},"19":{"start":{"line":26,"column":4},"end":{"line":26,"column":36}},"20":{"start":{"line":28,"column":4},"end":{"line":71,"column":5}},"21":{"start":{"line":29,"column":6},"end":{"line":29,"column":31}},"22":{"start":{"line":30,"column":6},"end":{"line":30,"column":54}},"23":{"start":{"line":31,"column":6},"end":{"line":31,"column":63}},"24":{"start":{"line":32,"column":6},"end":{"line":32,"column":25}},"25":{"start":{"line":33,"column":6},"end":{"line":33,"column":75}},"26":{"start":{"line":34,"column":6},"end":{"line":34,"column":28}},"27":{"start":{"line":35,"column":6},"end":{"line":35,"column":32}},"28":{"start":{"line":36,"column":6},"end":{"line":36,"column":25}},"29":{"start":{"line":37,"column":6},"end":{"line":37,"column":24}},"30":{"start":{"line":38,"column":6},"end":{"line":38,"column":26}},"31":{"start":{"line":39,"column":6},"end":{"line":39,"column":23}},"32":{"start":{"line":40,"column":6},"end":{"line":47,"column":9}},"33":{"start":{"line":48,"column":6},"end":{"line":48,"column":23}},"34":{"start":{"line":49,"column":6},"end":{"line":49,"column":23}},"35":{"start":{"line":50,"column":6},"end":{"line":50,"column":24}},"36":{"start":{"line":51,"column":6},"end":{"line":51,"column":23}},"37":{"start":{"line":52,"column":6},"end":{"line":52,"column":22}},"38":{"start":{"line":53,"column":6},"end":{"line":53,"column":24}},"39":{"start":{"line":54,"column":6},"end":{"line":58,"column":8}},"40":{"start":{"line":59,"column":6},"end":{"line":65,"column":7}},"41":{"start":{"line":60,"column":8},"end":{"line":60,"column":33}},"42":{"start":{"line":61,"column":8},"end":{"line":64,"column":9}},"43":{"start":{"line":62,"column":10},"end":{"line":62,"column":26}},"44":{"start":{"line":63,"column":10},"end":{"line":63,"column":31}},"45":{"start":{"line":66,"column":6},"end":{"line":66,"column":42}},"46":{"start":{"line":67,"column":6},"end":{"line":67,"column":39}},"47":{"start":{"line":68,"column":6},"end":{"line":70,"column":7}},"48":{"start":{"line":69,"column":8},"end":{"line":69,"column":23}},"49":{"start":{"line":73,"column":4},"end":{"line":81,"column":6}},"50":{"start":{"line":74,"column":6},"end":{"line":74,"column":32}},"51":{"start":{"line":75,"column":6},"end":{"line":75,"column":19}},"52":{"start":{"line":76,"column":6},"end":{"line":79,"column":7}},"53":{"start":{"line":77,"column":8},"end":{"line":77,"column":31}},"54":{"start":{"line":78,"column":8},"end":{"line":78,"column":59}},"55":{"start":{"line":80,"column":6},"end":{"line":80,"column":21}},"56":{"start":{"line":83,"column":4},"end":{"line":83,"column":37}},"57":{"start":{"line":85,"column":4},"end":{"line":85,"column":38}},"58":{"start":{"line":87,"column":4},"end":{"line":87,"column":37}},"59":{"start":{"line":89,"column":4},"end":{"line":89,"column":36}},"60":{"start":{"line":91,"column":4},"end":{"line":91,"column":38}},"61":{"start":{"line":93,"column":4},"end":{"line":93,"column":43}},"62":{"start":{"line":95,"column":4},"end":{"line":114,"column":6}},"63":{"start":{"line":96,"column":6},"end":{"line":96,"column":16}},"64":{"start":{"line":97,"column":6},"end":{"line":99,"column":7}},"65":{"start":{"line":98,"column":8},"end":{"line":98,"column":31}},"66":{"start":{"line":100,"column":6},"end":{"line":102,"column":7}},"67":{"start":{"line":101,"column":8},"end":{"line":101,"column":26}},"68":{"start":{"line":103,"column":6},"end":{"line":103,"column":45}},"69":{"start":{"line":104,"column":6},"end":{"line":104,"column":39}},"70":{"start":{"line":105,"column":6},"end":{"line":105,"column":41}},"71":{"start":{"line":106,"column":6},"end":{"line":106,"column":44}},"72":{"start":{"line":107,"column":6},"end":{"line":107,"column":20}},"73":{"start":{"line":108,"column":6},"end":{"line":108,"column":38}},"74":{"start":{"line":109,"column":6},"end":{"line":109,"column":37}},"75":{"start":{"line":110,"column":6},"end":{"line":110,"column":37}},"76":{"start":{"line":111,"column":6},"end":{"line":111,"column":55}},"77":{"start":{"line":112,"column":6},"end":{"line":112,"column":29}},"78":{"start":{"line":113,"column":6},"end":{"line":113,"column":18}},"79":{"start":{"line":116,"column":4},"end":{"line":121,"column":6}},"80":{"start":{"line":117,"column":6},"end":{"line":120,"column":8}},"81":{"start":{"line":123,"column":4},"end":{"line":129,"column":6}},"82":{"start":{"line":124,"column":6},"end":{"line":124,"column":15}},"83":{"start":{"line":125,"column":6},"end":{"line":127,"column":7}},"84":{"start":{"line":126,"column":8},"end":{"line":126,"column":184}},"85":{"start":{"line":128,"column":6},"end":{"line":128,"column":30}},"86":{"start":{"line":131,"column":4},"end":{"line":140,"column":6}},"87":{"start":{"line":132,"column":6},"end":{"line":132,"column":30}},"88":{"start":{"line":133,"column":6},"end":{"line":133,"column":31}},"89":{"start":{"line":134,"column":6},"end":{"line":134,"column":28}},"90":{"start":{"line":135,"column":6},"end":{"line":135,"column":44}},"91":{"start":{"line":136,"column":6},"end":{"line":139,"column":7}},"92":{"start":{"line":137,"column":8},"end":{"line":137,"column":24}},"93":{"start":{"line":138,"column":8},"end":{"line":138,"column":19}},"94":{"start":{"line":142,"column":4},"end":{"line":148,"column":6}},"95":{"start":{"line":143,"column":6},"end":{"line":143,"column":14}},"96":{"start":{"line":144,"column":6},"end":{"line":144,"column":67}},"97":{"start":{"line":145,"column":6},"end":{"line":145,"column":31}},"98":{"start":{"line":146,"column":6},"end":{"line":146,"column":22}},"99":{"start":{"line":147,"column":6},"end":{"line":147,"column":17}},"100":{"start":{"line":150,"column":4},"end":{"line":150,"column":48}},"101":{"start":{"line":152,"column":4},"end":{"line":158,"column":6}},"102":{"start":{"line":153,"column":6},"end":{"line":155,"column":7}},"103":{"start":{"line":154,"column":8},"end":{"line":154,"column":49}},"104":{"start":{"line":156,"column":6},"end":{"line":156,"column":22}},"105":{"start":{"line":157,"column":6},"end":{"line":157,"column":41}},"106":{"start":{"line":160,"column":4},"end":{"line":163,"column":6}},"107":{"start":{"line":161,"column":6},"end":{"line":161,"column":28}},"108":{"start":{"line":162,"column":6},"end":{"line":162,"column":18}},"109":{"start":{"line":165,"column":4},"end":{"line":171,"column":6}},"110":{"start":{"line":166,"column":6},"end":{"line":166,"column":45}},"111":{"start":{"line":167,"column":6},"end":{"line":170,"column":7}},"112":{"start":{"line":168,"column":8},"end":{"line":168,"column":25}},"113":{"start":{"line":169,"column":8},"end":{"line":169,"column":35}},"114":{"start":{"line":173,"column":4},"end":{"line":180,"column":6}},"115":{"start":{"line":174,"column":6},"end":{"line":174,"column":14}},"116":{"start":{"line":175,"column":6},"end":{"line":175,"column":154}},"117":{"start":{"line":176,"column":6},"end":{"line":176,"column":30}},"118":{"start":{"line":177,"column":6},"end":{"line":177,"column":48}},"119":{"start":{"line":178,"column":6},"end":{"line":178,"column":17}},"120":{"start":{"line":179,"column":6},"end":{"line":179,"column":34}},"121":{"start":{"line":182,"column":4},"end":{"line":184,"column":6}},"122":{"start":{"line":183,"column":6},"end":{"line":183,"column":138}},"123":{"start":{"line":186,"column":4},"end":{"line":211,"column":6}},"124":{"start":{"line":187,"column":6},"end":{"line":187,"column":43}},"125":{"start":{"line":188,"column":6},"end":{"line":188,"column":24}},"126":{"start":{"line":189,"column":6},"end":{"line":189,"column":30}},"127":{"start":{"line":190,"column":6},"end":{"line":190,"column":23}},"128":{"start":{"line":191,"column":6},"end":{"line":197,"column":7}},"129":{"start":{"line":192,"column":8},"end":{"line":192,"column":24}},"130":{"start":{"line":193,"column":8},"end":{"line":195,"column":9}},"131":{"start":{"line":194,"column":10},"end":{"line":194,"column":32}},"132":{"start":{"line":196,"column":8},"end":{"line":196,"column":35}},"133":{"start":{"line":198,"column":6},"end":{"line":198,"column":23}},"134":{"start":{"line":199,"column":6},"end":{"line":199,"column":32}},"135":{"start":{"line":200,"column":6},"end":{"line":203,"column":7}},"136":{"start":{"line":201,"column":8},"end":{"line":201,"column":26}},"137":{"start":{"line":202,"column":8},"end":{"line":202,"column":24}},"138":{"start":{"line":204,"column":6},"end":{"line":204,"column":23}},"139":{"start":{"line":205,"column":6},"end":{"line":205,"column":34}},"140":{"start":{"line":206,"column":6},"end":{"line":210,"column":7}},"141":{"start":{"line":207,"column":8},"end":{"line":207,"column":32}},"142":{"start":{"line":209,"column":8},"end":{"line":209,"column":34}},"143":{"start":{"line":213,"column":4},"end":{"line":235,"column":6}},"144":{"start":{"line":214,"column":6},"end":{"line":214,"column":43}},"145":{"start":{"line":215,"column":6},"end":{"line":215,"column":32}},"146":{"start":{"line":216,"column":6},"end":{"line":216,"column":26}},"147":{"start":{"line":217,"column":6},"end":{"line":217,"column":53}},"148":{"start":{"line":218,"column":6},"end":{"line":218,"column":41}},"149":{"start":{"line":219,"column":6},"end":{"line":219,"column":27}},"150":{"start":{"line":220,"column":6},"end":{"line":224,"column":7}},"151":{"start":{"line":221,"column":8},"end":{"line":221,"column":25}},"152":{"start":{"line":222,"column":8},"end":{"line":222,"column":52}},"153":{"start":{"line":223,"column":8},"end":{"line":223,"column":42}},"154":{"start":{"line":225,"column":6},"end":{"line":225,"column":29}},"155":{"start":{"line":226,"column":6},"end":{"line":230,"column":10}},"156":{"start":{"line":231,"column":6},"end":{"line":231,"column":31}},"157":{"start":{"line":232,"column":6},"end":{"line":232,"column":35}},"158":{"start":{"line":233,"column":6},"end":{"line":233,"column":27}},"159":{"start":{"line":234,"column":6},"end":{"line":234,"column":29}},"160":{"start":{"line":237,"column":4},"end":{"line":239,"column":6}},"161":{"start":{"line":238,"column":6},"end":{"line":238,"column":36}},"162":{"start":{"line":241,"column":4},"end":{"line":241,"column":23}},"163":{"start":{"line":245,"column":2},"end":{"line":245,"column":31}}},"branchMap":{"1":{"line":10,"type":"if","locations":[{"start":{"line":10,"column":65},"end":{"line":10,"column":65}},{"start":{"line":10,"column":65},"end":{"line":10,"column":65}}]},"2":{"line":30,"type":"cond-expr","locations":[{"start":{"line":30,"column":40},"end":{"line":30,"column":48}},{"start":{"line":30,"column":51},"end":{"line":30,"column":53}}]},"3":{"line":33,"type":"cond-expr","locations":[{"start":{"line":33,"column":63},"end":{"line":33,"column":67}},{"start":{"line":33,"column":70},"end":{"line":33,"column":74}}]},"4":{"line":59,"type":"if","locations":[{"start":{"line":59,"column":6},"end":{"line":59,"column":6}},{"start":{"line":59,"column":6},"end":{"line":59,"column":6}}]},"5":{"line":68,"type":"if","locations":[{"start":{"line":68,"column":6},"end":{"line":68,"column":6}},{"start":{"line":68,"column":6},"end":{"line":68,"column":6}}]},"6":{"line":97,"type":"if","locations":[{"start":{"line":97,"column":6},"end":{"line":97,"column":6}},{"start":{"line":97,"column":6},"end":{"line":97,"column":6}}]},"7":{"line":100,"type":"if","locations":[{"start":{"line":100,"column":6},"end":{"line":100,"column":6}},{"start":{"line":100,"column":6},"end":{"line":100,"column":6}}]},"8":{"line":125,"type":"if","locations":[{"start":{"line":125,"column":6},"end":{"line":125,"column":6}},{"start":{"line":125,"column":6},"end":{"line":125,"column":6}}]},"9":{"line":153,"type":"if","locations":[{"start":{"line":153,"column":6},"end":{"line":153,"column":6}},{"start":{"line":153,"column":6},"end":{"line":153,"column":6}}]},"10":{"line":167,"type":"if","locations":[{"start":{"line":167,"column":6},"end":{"line":167,"column":6}},{"start":{"line":167,"column":6},"end":{"line":167,"column":6}}]},"11":{"line":167,"type":"binary-expr","locations":[{"start":{"line":167,"column":10},"end":{"line":167,"column":31}},{"start":{"line":167,"column":35},"end":{"line":167,"column":46}}]},"12":{"line":193,"type":"if","locations":[{"start":{"line":193,"column":8},"end":{"line":193,"column":8}},{"start":{"line":193,"column":8},"end":{"line":193,"column":8}}]},"13":{"line":206,"type":"if","locations":[{"start":{"line":206,"column":6},"end":{"line":206,"column":6}},{"start":{"line":206,"column":6},"end":{"line":206,"column":6}}]}},"code":["// Generated by CoffeeScript 1.10.0","","/*","PDFDocument - represents an entire PDF document","By Devon Govett"," */","","(function() {","  var PDFDocument, PDFObject, PDFPage, PDFReference, fs, stream,","    extend = function(child, parent) { for (var key in parent) { if (hasProp.call(parent, key)) child[key] = parent[key]; } function ctor() { this.constructor = child; } ctor.prototype = parent.prototype; child.prototype = new ctor(); child.__super__ = parent.prototype; return child; },","    hasProp = {}.hasOwnProperty;","","  stream = require('stream');","","  fs = require('fs');","","  PDFObject = require('./object');","","  PDFReference = require('./reference');","","  PDFPage = require('./page');","","  PDFDocument = (function(superClass) {","    var mixin;","","    extend(PDFDocument, superClass);","","    function PDFDocument(options1) {","      var key, ref1, ref2, val;","      this.options = options1 != null ? options1 : {};","      PDFDocument.__super__.constructor.apply(this, arguments);","      this.version = 1.3;","      this.compress = (ref1 = this.options.compress) != null ? ref1 : true;","      this._pageBuffer = [];","      this._pageBufferStart = 0;","      this._offsets = [];","      this._waiting = 0;","      this._ended = false;","      this._offset = 0;","      this._root = this.ref({","        Type: 'Catalog',","        Pages: this.ref({","          Type: 'Pages',","          Count: 0,","          Kids: []","        })","      });","      this.page = null;","      this.initColor();","      this.initVector();","      this.initFonts();","      this.initText();","      this.initImages();","      this.info = {","        Producer: 'PDFKit',","        Creator: 'PDFKit',","        CreationDate: new Date()","      };","      if (this.options.info) {","        ref2 = this.options.info;","        for (key in ref2) {","          val = ref2[key];","          this.info[key] = val;","        }","      }","      this._write(\"%PDF-\" + this.version);","      this._write(\"%\\xFF\\xFF\\xFF\\xFF\");","      if (this.options.autoFirstPage !== false) {","        this.addPage();","      }","    }","","    mixin = function(methods) {","      var method, name, results;","      results = [];","      for (name in methods) {","        method = methods[name];","        results.push(PDFDocument.prototype[name] = method);","      }","      return results;","    };","","    mixin(require('./mixins/color'));","","    mixin(require('./mixins/vector'));","","    mixin(require('./mixins/fonts'));","","    mixin(require('./mixins/text'));","","    mixin(require('./mixins/images'));","","    mixin(require('./mixins/annotations'));","","    PDFDocument.prototype.addPage = function(options) {","      var pages;","      if (options == null) {","        options = this.options;","      }","      if (!this.options.bufferPages) {","        this.flushPages();","      }","      this.page = new PDFPage(this, options);","      this._pageBuffer.push(this.page);","      pages = this._root.data.Pages.data;","      pages.Kids.push(this.page.dictionary);","      pages.Count++;","      this.x = this.page.margins.left;","      this.y = this.page.margins.top;","      this._ctm = [1, 0, 0, 1, 0, 0];","      this.transform(1, 0, 0, -1, 0, this.page.height);","      this.emit('pageAdded');","      return this;","    };","","    PDFDocument.prototype.bufferedPageRange = function() {","      return {","        start: this._pageBufferStart,","        count: this._pageBuffer.length","      };","    };","","    PDFDocument.prototype.switchToPage = function(n) {","      var page;","      if (!(page = this._pageBuffer[n - this._pageBufferStart])) {","        throw new Error(\"switchToPage(\" + n + \") out of bounds, current buffer covers pages \" + this._pageBufferStart + \" to \" + (this._pageBufferStart + this._pageBuffer.length - 1));","      }","      return this.page = page;","    };","","    PDFDocument.prototype.flushPages = function() {","      var i, len, page, pages;","      pages = this._pageBuffer;","      this._pageBuffer = [];","      this._pageBufferStart += pages.length;","      for (i = 0, len = pages.length; i < len; i++) {","        page = pages[i];","        page.end();","      }","    };","","    PDFDocument.prototype.ref = function(data) {","      var ref;","      ref = new PDFReference(this, this._offsets.length + 1, data);","      this._offsets.push(null);","      this._waiting++;","      return ref;","    };","","    PDFDocument.prototype._read = function() {};","","    PDFDocument.prototype._write = function(data) {","      if (!Buffer.isBuffer(data)) {","        data = new Buffer(data + '\\n', 'binary');","      }","      this.push(data);","      return this._offset += data.length;","    };","","    PDFDocument.prototype.addContent = function(data) {","      this.page.write(data);","      return this;","    };","","    PDFDocument.prototype._refEnd = function(ref) {","      this._offsets[ref.id - 1] = ref.offset;","      if (--this._waiting === 0 && this._ended) {","        this._finalize();","        return this._ended = false;","      }","    };","","    PDFDocument.prototype.write = function(filename, fn) {","      var err;","      err = new Error('PDFDocument#write is deprecated, and will be removed in a future version of PDFKit. Please pipe the document into a Node stream.');","      console.warn(err.stack);","      this.pipe(fs.createWriteStream(filename));","      this.end();","      return this.once('end', fn);","    };","","    PDFDocument.prototype.output = function(fn) {","      throw new Error('PDFDocument#output is deprecated, and has been removed from PDFKit. Please pipe the document into a Node stream.');","    };","","    PDFDocument.prototype.end = function() {","      var font, key, name, ref1, ref2, val;","      this.flushPages();","      this._info = this.ref();","      ref1 = this.info;","      for (key in ref1) {","        val = ref1[key];","        if (typeof val === 'string') {","          val = new String(val);","        }","        this._info.data[key] = val;","      }","      this._info.end();","      ref2 = this._fontFamilies;","      for (name in ref2) {","        font = ref2[name];","        font.finalize();","      }","      this._root.end();","      this._root.data.Pages.end();","      if (this._waiting === 0) {","        return this._finalize();","      } else {","        return this._ended = true;","      }","    };","","    PDFDocument.prototype._finalize = function(fn) {","      var i, len, offset, ref1, xRefOffset;","      xRefOffset = this._offset;","      this._write(\"xref\");","      this._write(\"0 \" + (this._offsets.length + 1));","      this._write(\"0000000000 65535 f \");","      ref1 = this._offsets;","      for (i = 0, len = ref1.length; i < len; i++) {","        offset = ref1[i];","        offset = ('0000000000' + offset).slice(-10);","        this._write(offset + ' 00000 n ');","      }","      this._write('trailer');","      this._write(PDFObject.convert({","        Size: this._offsets.length + 1,","        Root: this._root,","        Info: this._info","      }));","      this._write('startxref');","      this._write(\"\" + xRefOffset);","      this._write('%%EOF');","      return this.push(null);","    };","","    PDFDocument.prototype.toString = function() {","      return \"[object PDFDocument]\";","    };","","    return PDFDocument;","","  })(stream.Readable);","","  module.exports = PDFDocument;","","}).call(this);",""],"l":{"8":1,"9":1,"10":3,"13":1,"15":1,"17":1,"19":1,"21":1,"23":1,"24":1,"26":1,"28":1,"29":0,"30":0,"31":0,"32":0,"33":0,"34":0,"35":0,"36":0,"37":0,"38":0,"39":0,"40":0,"48":0,"49":0,"50":0,"51":0,"52":0,"53":0,"54":0,"59":0,"60":0,"61":0,"62":0,"63":0,"66":0,"67":0,"68":0,"69":0,"73":1,"74":6,"75":6,"76":6,"77":74,"78":74,"80":6,"83":1,"85":1,"87":1,"89":1,"91":1,"93":1,"95":1,"96":0,"97":0,"98":0,"100":0,"101":0,"103":0,"104":0,"105":0,"106":0,"107":0,"108":0,"109":0,"110":0,"111":0,"112":0,"113":0,"116":1,"117":0,"123":1,"124":0,"125":0,"126":0,"128":0,"131":1,"132":0,"133":0,"134":0,"135":0,"136":0,"137":0,"138":0,"142":1,"143":0,"144":0,"145":0,"146":0,"147":0,"150":1,"152":1,"153":0,"154":0,"156":0,"157":0,"160":1,"161":0,"162":0,"165":1,"166":0,"167":0,"168":0,"169":0,"173":1,"174":0,"175":0,"176":0,"177":0,"178":0,"179":0,"182":1,"183":0,"186":1,"187":0,"188":0,"189":0,"190":0,"191":0,"192":0,"193":0,"194":0,"196":0,"198":0,"199":0,"200":0,"201":0,"202":0,"204":0,"205":0,"206":0,"207":0,"209":0,"213":1,"214":0,"215":0,"216":0,"217":0,"218":0,"219":0,"220":0,"221":0,"222":0,"223":0,"225":0,"226":0,"231":0,"232":0,"233":0,"234":0,"237":1,"238":0,"241":1,"245":1}},"/home/travis/build/npmtest/node-npmtest-pdfkit/node_modules/pdfkit/js/object.js":{"path":"/home/travis/build/npmtest/node-npmtest-pdfkit/node_modules/pdfkit/js/object.js","s":{"1":1,"2":1,"3":1,"4":1,"5":1,"6":1,"7":0,"8":1,"9":1,"10":1,"11":0,"12":0,"13":0,"14":0,"15":0,"16":0,"17":0,"18":0,"19":0,"20":1,"21":0,"22":0,"23":0,"24":0,"25":0,"26":0,"27":0,"28":0,"29":0,"30":0,"31":0,"32":0,"33":0,"34":0,"35":0,"36":0,"37":0,"38":0,"39":0,"40":0,"41":0,"42":0,"43":0,"44":0,"45":0,"46":0,"47":0,"48":0,"49":0,"50":0,"51":0,"52":0,"53":0,"54":0,"55":0,"56":0,"57":0,"58":1,"59":1,"60":1},"b":{"1":[0,0],"2":[0,0],"3":[0,0],"4":[0,0],"5":[0,0],"6":[0,0],"7":[0,0],"8":[0,0],"9":[0,0],"10":[0,0]},"f":{"1":1,"2":1,"3":0,"4":0,"5":0,"6":0,"7":0,"8":0},"fnMap":{"1":{"name":"(anonymous_1)","line":8,"loc":{"start":{"line":8,"column":1},"end":{"line":8,"column":12}}},"2":{"name":"(anonymous_2)","line":11,"loc":{"start":{"line":11,"column":15},"end":{"line":11,"column":26}}},"3":{"name":"PDFObject","line":14,"loc":{"start":{"line":14,"column":4},"end":{"line":14,"column":25}}},"4":{"name":"(anonymous_4)","line":16,"loc":{"start":{"line":16,"column":10},"end":{"line":16,"column":32}}},"5":{"name":"(anonymous_5)","line":33,"loc":{"start":{"line":33,"column":16},"end":{"line":33,"column":31}}},"6":{"name":"(anonymous_6)","line":48,"loc":{"start":{"line":48,"column":24},"end":{"line":48,"column":41}}},"7":{"name":"(anonymous_7)","line":53,"loc":{"start":{"line":53,"column":45},"end":{"line":53,"column":57}}},"8":{"name":"(anonymous_8)","line":74,"loc":{"start":{"line":74,"column":18},"end":{"line":74,"column":29}}}},"statementMap":{"1":{"start":{"line":8,"column":0},"end":{"line":105,"column":14}},"2":{"start":{"line":9,"column":2},"end":{"line":9,"column":30}},"3":{"start":{"line":11,"column":2},"end":{"line":99,"column":7}},"4":{"start":{"line":12,"column":4},"end":{"line":12,"column":47}},"5":{"start":{"line":14,"column":4},"end":{"line":14,"column":27}},"6":{"start":{"line":16,"column":4},"end":{"line":18,"column":6}},"7":{"start":{"line":17,"column":6},"end":{"line":17,"column":64}},"8":{"start":{"line":20,"column":4},"end":{"line":20,"column":40}},"9":{"start":{"line":22,"column":4},"end":{"line":31,"column":6}},"10":{"start":{"line":33,"column":4},"end":{"line":46,"column":6}},"11":{"start":{"line":34,"column":6},"end":{"line":34,"column":26}},"12":{"start":{"line":35,"column":6},"end":{"line":35,"column":22}},"13":{"start":{"line":36,"column":6},"end":{"line":44,"column":7}},"14":{"start":{"line":37,"column":8},"end":{"line":37,"column":54}},"15":{"start":{"line":39,"column":8},"end":{"line":43,"column":9}},"16":{"start":{"line":40,"column":10},"end":{"line":40,"column":22}},"17":{"start":{"line":41,"column":10},"end":{"line":41,"column":32}},"18":{"start":{"line":42,"column":10},"end":{"line":42,"column":26}},"19":{"start":{"line":45,"column":6},"end":{"line":45,"column":18}},"20":{"start":{"line":48,"column":4},"end":{"line":95,"column":6}},"21":{"start":{"line":49,"column":6},"end":{"line":49,"column":64}},"22":{"start":{"line":50,"column":6},"end":{"line":94,"column":7}},"23":{"start":{"line":51,"column":8},"end":{"line":51,"column":28}},"24":{"start":{"line":52,"column":13},"end":{"line":94,"column":7}},"25":{"start":{"line":53,"column":8},"end":{"line":55,"column":11}},"26":{"start":{"line":54,"column":10},"end":{"line":54,"column":30}},"27":{"start":{"line":56,"column":8},"end":{"line":56,"column":26}},"28":{"start":{"line":57,"column":8},"end":{"line":62,"column":9}},"29":{"start":{"line":58,"column":10},"end":{"line":61,"column":11}},"30":{"start":{"line":59,"column":12},"end":{"line":59,"column":29}},"31":{"start":{"line":60,"column":12},"end":{"line":60,"column":18}},"32":{"start":{"line":63,"column":8},"end":{"line":65,"column":9}},"33":{"start":{"line":64
[...]
 = rgb[k];","          mask.push(x, x);","        }","        return this.obj.data['Mask'] = mask;","      } else if (this.image.transparency.indexed) {","        return this.loadIndexedAlphaChannel();","      } else if (this.image.hasAlphaChannel) {","        return this.splitAlphaChannel();","      } else {","        return this.finalize();","      }","    };","","    PNGImage.prototype.finalize = function() {","      var sMask;","      if (this.alphaChannel) {","        sMask = this.document.ref({","          Type: 'XObject',","          Subtype: 'Image',","          Height: this.height,","          Width: this.width,","          BitsPerComponent: 8,","          Filter: 'FlateDecode',","          ColorSpace: 'DeviceGray',","          Decode: [0, 1]","        });","        sMask.end(this.alphaChannel);","        this.obj.data['SMask'] = sMask;","      }","      this.obj.end(this.imgData);","      this.image = null;","      return this.imgData = null;","    };","","    PNGImage.prototype.splitAlphaChannel = function() {","      return this.image.decodePixels((function(_this) {","        return function(pixels) {","          var a, alphaChannel, colorByteSize, done, i, imgData, len, p, pixelCount;","          colorByteSize = _this.image.colors * _this.image.bits / 8;","          pixelCount = _this.width * _this.height;","          imgData = new Buffer(pixelCount * colorByteSize);","          alphaChannel = new Buffer(pixelCount);","          i = p = a = 0;","          len = pixels.length;","          while (i < len) {","            imgData[p++] = pixels[i++];","            imgData[p++] = pixels[i++];","            imgData[p++] = pixels[i++];","            alphaChannel[a++] = pixels[i++];","          }","          done = 0;","          zlib.deflate(imgData, function(err, imgData1) {","            _this.imgData = imgData1;","            if (err) {","              throw err;","            }","            if (++done === 2) {","              return _this.finalize();","            }","          });","          return zlib.deflate(alphaChannel, function(err, alphaChannel1) {","            _this.alphaChannel = alphaChannel1;","            if (err) {","              throw err;","            }","            if (++done === 2) {","              return _this.finalize();","            }","          });","        };","      })(this));","    };","","    PNGImage.prototype.loadIndexedAlphaChannel = function(fn) {","      var transparency;","      transparency = this.image.transparency.indexed;","      return this.image.decodePixels((function(_this) {","        return function(pixels) {","          var alphaChannel, i, j, k, ref;","          alphaChannel = new Buffer(_this.width * _this.height);","          i = 0;","          for (j = k = 0, ref = pixels.length; k < ref; j = k += 1) {","            alphaChannel[i++] = transparency[pixels[j]];","          }","          return zlib.deflate(alphaChannel, function(err, alphaChannel1) {","            _this.alphaChannel = alphaChannel1;","            if (err) {","              throw err;","            }","            return _this.finalize();","          });","        };","      })(this));","    };","","    return PNGImage;","","  })();","","  module.exports = PNGImage;","","}).call(this);",""],"l":{"2":1,"3":1,"5":1,"7":1,"9":1,"10":1,"11":0,"12":0,"13":0,"14":0,"15":0,"16":0,"19":1,"20":0,"21":0,"22":0,"23":0,"25":0,"33":0,"34":0,"40":0,"41":0,"43":0,"44":0,"46":0,"47":0,"48":0,"50":0,"51":0,"52":0,"53":0,"54":0,"55":0,"56":0,"57":0,"58":0,"60":0,"61":0,"62":0,"63":0,"64":0,"66":0,"70":1,"71":0,"72":0,"73":0,"83":0,"84":0,"86":0,"87":0,"88":0,"91":1,"92":0,"93":0,"94":0,"95":0,"96":0,"97":0,"98":0,"99":0,"100":0,"101":0,"102":0,"103":0,"104":0,"105":0,"107":0,"108":0,"109":0,"110":0,"111":0,"113":0,"114":0,"117":0,"118":0,"119":0,"120":0,"122":0,"123":0,"130":1,"131":0,"132":0,"133":0,"134":0,"135":0,"136":0,"137":0,"138":0,"139":0,"141":0,"142":0,"143":0,"144":0,"146":0,"152":1,"156":1}},"/home/travis/build/npmtest/node-npmtest-pdfkit/node_modules/pdfkit/js/mixins/annotations.js":{"path":"/home/travis/build/npmtest/node-npmtest-pdfkit/node_modules/pdfkit/js/mixins/annotations.js","s":{"1":1,"2":1,"3":0,"4":0,"5":0,"6":0,"7":0,"8":0,"9":0,"10":0,"11":0,"12":0,"13":0,"14":0,"15":0,"16":0,"17":0,"18":0,"19":0,"20":0,"21":0,"22":0,"23":0,"24":0,"25":0,"26":0,"27":0,"28":0,"29":0,"30":0,"31":0,"32":0,"33":0,"34":0,"35":0,"36":0,"37":0,"38":0,"39":0,"40":0,"41":0,"42":0,"43":0,"44":0,"45":0,"46":0,"47":0,"48":0,"49":0,"50":0,"51":0,"52":0,"53":0,"54":0,"55":0,"56":0,"57":0,"58":0,"59":0,"60":0,"61":0,"62":0,"63":0,"64":0,"65":0,"66":0,"67":0,"68":0,"69":0,"70":0,"71":0,"72":0,"73":0,"74":0,"75":0,"76":0,"77":0,"78":0,"79":0,"80":0,"81":0,"82":0,"83":0,"84":0,"85":0,"86":0},"b":{"1":[0,0],"2":[0,0],"3":[0,0],"4":[0,0],"5":[0,0],"6":[0,0],"7":[0,0],"8":[0,0],"9":[0,0],"10":[0,0],"11":[0,0],"12":[0,0],"13":[0,0],"14":[0,0],"15":[0,0],"16":[0,0]},"f":{"1":1,"2":0,"3":0,"4":0,"5":0,"6":0,"7":0,"8":0,"9":0,"10":0,"11":0,"12":0,"13":0},"fnMap":{"1":{"name":"(anonymous_1)","line":2,"loc":{"start":{"line":2,"column":1},"end":{"line":2,"column":12}}},"2":{"name":"(anonymous_2)","line":4,"loc":{"start":{"line":4,"column":14},"end":{"line":4,"column":44}}},"3":{"name":"(anonymous_3)","line":27,"loc":{"start":{"line":27,"column":10},"end":{"line":27,"column":50}}},"4":{"name":"(anonymous_4)","line":39,"loc":{"start":{"line":39,"column":10},"end":{"line":39,"column":45}}},"5":{"name":"(anonymous_5)","line":51,"loc":{"start":{"line":51,"column":13},"end":{"line":51,"column":43}}},"6":{"name":"(anonymous_6)","line":61,"loc":{"start":{"line":61,"column":15},"end":{"line":61,"column":45}}},"7":{"name":"(anonymous_7)","line":71,"loc":{"start":{"line":71,"column":15},"end":{"line":71,"column":45}}},"8":{"name":"(anonymous_8)","line":78,"loc":{"start":{"line":78,"column":12},"end":{"line":78,"column":42}}},"9":{"name":"(anonymous_9)","line":85,"loc":{"start":{"line":85,"column":20},"end":{"line":85,"column":54}}},"10":{"name":"(anonymous_10)","line":94,"loc":{"start":{"line":94,"column":20},"end":{"line":94,"column":50}}},"11":{"name":"(anonymous_11)","line":102,"loc":{"start":{"line":102,"column":23},"end":{"line":102,"column":53}}},"12":{"name":"(anonymous_12)","line":110,"loc":{"start":{"line":110,"column":20},"end":{"line":110,"column":56}}},"13":{"name":"(anonymous_13)","line":119,"loc":{"start":{"line":119,"column":18},"end":{"line":119,"column":41}}}},"statementMap":{"1":{"start":{"line":2,"column":0},"end":{"line":133,"column":14}},"2":{"start":{"line":3,"column":2},"end":{"line":131,"column":4}},"3":{"start":{"line":5,"column":6},"end":{"line":5,"column":24}},"4":{"start":{"line":6,"column":6},"end":{"line":6,"column":29}},"5":{"start":{"line":7,"column":6},"end":{"line":7,"column":51}},"6":{"start":{"line":8,"column":6},"end":{"line":8,"column":33}},"7":{"start":{"line":9,"column":6},"end":{"line":13,"column":7}},"8":{"start":{"line":10,"column":8},"end":{"line":12,"column":9}},"9":{"start":{"line":11,"column":10},"end":{"line":11,"column":71}},"10":{"start":{"line":14,"column":6},"end":{"line":14,"column":27}},"11":{"start":{"line":15,"column":6},"end":{"line":17,"column":7}},"12":{"start":{"line":16,"column":8},"end":{"line":16,"column":48}},"13":{"start":{"line":18,"column":6},"end":{"line":21,"column":7}},"14":{"start":{"line":19,"column":8},"end":{"line":19,"column":27}},"15":{"start":{"line":20,"column":8},"end":{"line":20,"column":59}},"16":{"start":{"line":22,"column":6},"end":{"line":22,"column":30}},"17":{"start":{"line":23,"column":6},"end":{"line":23,"column":38}},"18":{"start":{"line":24,"column":6},"end":{"line":24,"column":16}},"19":{"start":{"line":25,"column":6},"end":{"line":25,"column":18}},"20":{"start":{"line":28,"column":6},"end":{"line":30,"column":7}},"21":{"start":{"line":29,"column":8},"end":{"line":29,"column":21}},"22":{"start":{"line":31,"column":6},"end":{"line":31,"column":31}},"23":{"start":{"line":32,"column":6},"end":{"line":32,"column":46}},"24":{"start":{"line":33,"column":6},"end":{"line":33,"column":31}},"25":{"start":{"line":34,"column":6},"end":{"line":36,"column":7}},"26":{"start":{"line":35,"column":8},"end":{"line":35,"column":39}},"27":{"start":{"line":37,"column":6},"end":{"line":37,"column":48}},"28":{"start":{"line":40,"column":6},"end":{"line":42,"column":7}},"29":{"start":{"line":41,"column":8},"end":{"line":41,"column":21}},"30":{"start":{"line":43,"column":6},"end":{"line":43,"column":31}},"31":{"start":{"line":44,"column":6},"end":{"line":47,"column":9}},"32":{"start":{"line":48,"column":6},"end":{"line":48,"column":22}},"33":{"start":{"line":49,"column":6},"end":{"line":49,"column":48}},"34":{"start":{"line":52,"column":6},"end":{"line":52,"column":31}},"35":{"start":{"line":53,"column":6},"end":{"line":55,"column":7}},"36":{"start":{"line":54,"column":8},"end":{"line":54,"column":21}},"37":{"start":{"line":56,"column":6},"end":{"line":56,"column":99}},"38":{"start":{"line":57,"column":6},"end":{"line":57,"column":60}},"39":{"start":{"line":58,"column":6},"end":{"line":58,"column":36}},"40":{"start":{"line":59,"column":6},"end":{"line":59,"column":48}},"41":{"start":{"line":62,"column":6},"end":{"line":64,"column":7}},"42":{"start":{"line":63,"column":8},"end":{"line":63,"column":21}},"43":{"start":{"line":65,"column":6},"end":{"line":65,"column":36}},"44":{"start":{"line":66,"column":6},"end":{"line":68,"column":7}},"45":{"start":{"line":67,"column":8},"end":{"line":67,"column":40}},"46":{"start":{"line":69,"column":6},"end":{"line":69,"column":47}},"47":{"start":{"line":72,"column":6},"end":{"line":74,"column":7}},"48":{"start":{"line":73,"column":8},"end":{"line":73,"column":21}},"49":{"start":{"line":75,"column":6},"end":{"line":75,"column":36}},"50":{"start":{"line":76,"column":6},"end":{"line":76,"column":47}},"51":{"start":{"line":79,"column":6},"end":{"line":81,"column":7}},"52":{"start":{"line":80,"column":8},"end":{"line":80,"column":21}},"53":{"start":{"line":82,"column":6},"end":{"line":82,"column":36}},"54":{"start":{"line":83,"column":6},"end":{"line":83,"column":47}},"55":{"start":{"line":86,"column":6},"end":{"line":88,"column":7}},"56":{"start":{"line":87,"column":8},"end":{"line":87,"column":21}},"57":{"start":{"line":89,"column":6},"end":{"line":89,"column":31}},"58":{"start":{"line":90,"column":6},"end":{"line":90,"column":36}},"59":{"start":{"line":91,"column":6},"end":{"line":91,"column":73}},"60":{"start":{"line":92,"column":6},"end":{"line":92,"column":52}},"61":{"start":{"line":95,"column":6},"end":{"line":97,"column":7}},"62":{"start":{"line":96,"column":8},"end":{"line":96,"column":21}},"63":{"start":{"line":98,"column":6},"end":{"line":98,"column":33}},"64":{"start":{"line":99,"column":6},"end":{"line":99,"column":36}},"65":{"start":{"line":100,"column":6},"end":{"line":100,"column":48}},"66":{"start":{"line":103,"column":6},"end":{"line":105,"column":7}},"67":{"start":{"line":104,"column":8},"end":{"line":104,"column":21}},"68":{"start":{"line":106,"column":6},"end":{"line":106,"column":33}},"69":{"start":{"line":107,"column":6},"end":{"line":107,"column":36}},"70":{"start":{"line":108,"column":6},"end":{"line":108,"column":48}},"71":{"start":{"line":111,"column":6},"end":{"line":113,"column":7}},"72":{"start":{"line":112,"column":8},"end":{"line":112,"column":21}},"73":{"start":{"line":114,"column":6},"end":{"line":114,"column":35}},"74":{"start":{"line":115,"column":6},"end":{"line":115,"column":42}},"75":{"start":{"line":116,"column":6},"end":{"line":116,"column":30}},"76":{"start":{"line":117,"column":6},"end":{"line":117,"column":48}},"77":{"start":{"line":120,"column":6},"end":{"line":120,"column":47}},"78":{"start":{"line":121,"column":6},"end":{"line":121,"column":14}},"79":{"start":{"line":122,"column":6},"end":{"line":122,"column":14}},"80":{"start":{"line":123,"column":6},"end":{"line":123,"column":18}},"81":{"start":{"line":124,"column":6},"end":{"line":124,"column":107}},"82":{"start":{"line":125,"column":6},"end":{"line":125,"column":34}},"83":{"start":{"line":126,"column":6},"end":{"line":126,"column":34}},"84":{"start":{"line":127,"column":6},"end":{"line":127,"column":34}},"85":{"start":{"line":128,"column":6},"end":{"line":128,"column":34}},"86":{"start":{"line":129,"column":6},"end":{"line":129,"column":30}}},"branchMap":{"1":{"line":9,"type":"if","locations":[{"start":{"line":9,"column":6},"end":{"line":9,"column":6}},{"start":{"line":9,"column":6},"end":{"line":9,"column":6}}]},"2":{"line":10,"type":"if","locations":[{"start":{"line":10,"column":8},"end":{"line":10,"column":8}},{"start":{"line":10,"column":8},"end":{"line":10,"column":8}}]},"3":{"line":11,"type":"binary-expr","locations":[{"start":{"line":11,"column":43},"end":{"line":11,"column":56}},{"start":{"line":11,"column":60},"end":{"line":11,"column":69}}]},"4":{"line":15,"type":"if","locations":[{"start":{"line":15,"column":6},"end":{"line":15,"column":6}},{"start":{"line":15,"column":6},"end":{"line":15,"column":6}}]},"5":{"line":28,"type":"if","locations":[{"start":{"line":28,"column":6},"end":{"line":28,"column":6}},{"start":{"line":28,"column":6},"end":{"line":28,"column":6}}]},"6":{"line":34,"type":"if","locations":[{"start":{"line":34,"column":6},"end":{"line":34,"column":6}},{"start":{"line":34,"column":6},"end":{"line":34,"column":6}}]},"7":{"line":40,"type":"if","locations":[{"start":{"line":40,"column":6},"end":{"line":40,"column":6}},{"start":{"line":40,"column":6},"end":{"line":40,"column":6}}]},"8":{"line":53,"type":"if","locations":[{"start":{"line":53,"column":6},"end":{"line":53,"column":6}},{"start":{"line":53,"column":6},"end":{"line":53,"column":6}}]},"9":{"line":62,"type":"if","locations":[{"start":{"line":62,"column":6},"end":{"line":62,"column":6}},{"start":{"line":62,"column":6},"end":{"line":62,"column":6}}]},"10":{"line":66,"type":"if","locations":[{"start":{"line":66,"column":6},"end":{"line":66,"column":6}},{"start":{"line":66,"column":6},"end":{"line":66,"column":6}}]},"11":{"line":72,"type":"if","locations":[{"start":{"line":72,"column":6},"end":{"line":72,"column":6}},{"start":{"line":72,"column":6},"end":{"line":72,"column":6}}]},"12":{"line":79,"type":"if","locations":[{"start":{"line":79,"column":6},"end":{"line":79,"column":6}},{"start":{"line":79,"column":6},"end":{"line":79,"column":6}}]},"13":{"line":86,"type":"if","locations":[{"start":{"line":86,"column":6},"end":{"line":86,"column":6}},{"start":{"line":86,"column":6},"end":{"line":86,"column":6}}]},"14":{"line":95,"type":"if","locations":[{"start":{"line":95,"column":6},"end":{"line":95,"column":6}},{"start":{"line":95,"column":6},"end":{"line":95,"column":6}}]},"15":{"line":103,"type":"if","locations":[{"start":{"line":103,"column":6},"end":{"line":103,"column":6}},{"start":{"line":103,"column":6},"end":{"line":103,"column":6}}]},"16":{"line":111,"type":"if","locations":[{"start":{"line":111,"column":6},"end":{"line":111,"column":6}},{"start":{"line":111,"column":6},"end":{"line":111,"column":6}}]}},"code":["// Generated by CoffeeScript 1.10.0","(function() {","  module.exports = {","    annotate: function(x, y, w, h, options) {","      var key, ref, val;","      options.Type = 'Annot';","      options.Rect = this._convertRect(x, y, w, h);","      options.Border = [0, 0, 0];","      if (options.Subtype !== 'Link') {","        if (options.C == null) {","          options.C = this._normalizeColor(options.color || [0, 0, 0]);","        }","      }","      delete options.color;","      if (typeof options.Dest === 'string') {","        options.Dest = new String(options.Dest);","      }","      for (key in options) {","        val = options[key];","        options[key[0].toUpperCase() + key.slice(1)] = val;","      }","      ref = this.ref(options);","      this.page.annotations.push(ref);","      ref.end();","      return this;","    },","    note: function(x, y, w, h, contents, options) {","      if (options == null) {","        options = {};","      }","      options.Subtype = 'Text';","      options.Contents = new String(contents);","      options.Name = 'Comment';","      if (options.color == null) {","        options.color = [243, 223, 92];","      }","      return this.annotate(x, y, w, h, options);","    },","    link: function(x, y, w, h, url, options) {","      if (options == null) {","        options = {};","      }","      options.Subtype = 'Link';","      options.A = this.ref({","        S: 'URI',","        URI: new String(url)","      });","      options.A.end();","      return this.annotate(x, y, w, h, options);","    },","    _markup: function(x, y, w, h, options) {","      var ref1, x1, x2, y1, y2;","      if (options == null) {","        options = {};","      }","      ref1 = this._convertRect(x, y, w, h), x1 = ref1[0], y1 = ref1[1], x2 = ref1[2], y2 = ref1[3];","      options.QuadPoints = [x1, y2, x2, y2, x1, y1, x2, y1];","      options.Contents = new String;","      return this.annotate(x, y, w, h, options);","    },","    highlight: function(x, y, w, h, options) {","      if (options == null) {","        options = {};","      }","      options.Subtype = 'Highlight';","      if (options.color == null) {","        options.color = [241, 238, 148];","      }","      return this._markup(x, y, w, h, options);","    },","    underline: function(x, y, w, h, options) {","      if (options == null) {","        options = {};","      }","      options.Subtype = 'Underline';","      return this._markup(x, y, w, h, options);","    },","    strike: function(x, y, w, h, options) {","      if (options == null) {","        options = {};","      }","      options.Subtype = 'StrikeOut';","      return this._markup(x, y, w, h, options);","    },","    lineAnnotation: function(x1, y1, x2, y2, options) {","      if (options == null) {","        options = {};","      }","      options.Subtype = 'Line';","      options.Contents = new String;","      options.L = [x1, this.page.height - y1, x2, this.page.height - y2];","      return this.annotate(x1, y1, x2, y2, options);","    },","    rectAnnotation: function(x, y, w, h, options) {","      if (options == null) {","        options = {};","      }","      options.Subtype = 'Square';","      options.Contents = new String;","      return this.annotate(x, y, w, h, options);","    },","    ellipseAnnotation: function(x, y, w, h, options) {","      if (options == null) {","        options = {};","      }","      options.Subtype = 'Circle';","      options.Contents = new String;","      return this.annotate(x, y, w, h, options);","    },","    textAnnotation: function(x, y, w, h, text, options) {","      if (options == null) {","        options = {};","      }","      options.Subtype = 'FreeText';","      options.Contents = new String(text);","      options.DA = new String;","      return this.annotate(x, y, w, h, options);","    },","    _convertRect: function(x1, y1, w, h) {","      var m0, m1, m2, m3, m4, m5, ref1, x2, y2;","      y2 = y1;","      y1 += h;","      x2 = x1 + w;","      ref1 = this._ctm, m0 = ref1[0], m1 = ref1[1], m2 = ref1[2], m3 = ref1[3], m4 = ref1[4], m5 = ref1[5];","      x1 = m0 * x1 + m2 * y1 + m4;","      y1 = m1 * x1 + m3 * y1 + m5;","      x2 = m0 * x2 + m2 * y2 + m4;","      y2 = m1 * x2 + m3 * y2 + m5;","      return [x1, y1, x2, y2];","    }","  };","","}).call(this);",""],"l":{"2":1,"3":1,"5":0,"6":0,"7":0,"8":0,"9":0,"10":0,"11":0,"14":0,"15":0,"16":0,"18":0,"19":0,"20":0,"22":0,"23":0,"24":0,"25":0,"28":0,"29":0,"31":0,"32":0,"33":0,"34":0,"35":0,"37":0,"40":0,"41":0,"43":0,"44":0,"48":0,"49":0,"52":0,"53":0,"54":0,"56":0,"57":0,"58":0,"59":0,"62":0,"63":0,"65":0,"66":0,"67":0,"69":0,"72":0,"73":0,"75":0,"76":0,"79":0,"80":0,"82":0,"83":0,"86":0,"87":0,"89":0,"90":0,"91":0,"92":0,"95":0,"96":0,"98":0,"99":0,"100":0,"103":0,"104":0,"106":0,"107":0,"108":0,"111":0,"112":0,"114":0,"115":0,"116":0,"117":0,"120":0,"121":0,"122":0,"123":0,"124":0,"125":0,"126":0,"127":0,"128":0,"129":0}}}